#
# There is insufficient memory for the Java Runtime Environment to continue.
# Native memory allocation (malloc) failed to allocate 356976 bytes for Chunk::new
# Possible reasons:
#   The system is out of physical RAM or swap space
#   The process is running with CompressedOops enabled, and the Java Heap may be blocking the growth of the native heap
# Possible solutions:
#   Reduce memory load on the system
#   Increase physical memory or swap space
#   Check if swap backing store is full
#   Decrease Java heap size (-Xmx/-Xms)
#   Decrease number of Java threads
#   Decrease Java thread stack sizes (-Xss)
#   Set larger code cache with -XX:ReservedCodeCacheSize=
#   JVM is running with Unscaled Compressed Oops mode in which the Java heap is
#     placed in the first 4GB address space. The Java Heap base address is the
#     maximum limit for the native heap growth. Please use -XX:HeapBaseMinAddress
#     to set the Java Heap base and to place the Java Heap above 4GB virtual address.
# This output file may be truncated or incomplete.
#
#  Out of Memory Error (arena.cpp:197), pid=5476, tid=2296
#
# JRE version: OpenJDK Runtime Environment Microsoft-8035250 (11.0.20+8) (build 11.0.20+8-LTS)
# Java VM: OpenJDK 64-Bit Server VM Microsoft-8035250 (11.0.20+8-LTS, mixed mode, tiered, compressed oops, g1 gc, windows-amd64)
# No core dump will be written. Minidumps are not enabled by default on client versions of Windows
#

---------------  S U M M A R Y ------------

Command Line: -Xmx64m -Xms64m -Dorg.gradle.appname=gradlew org.gradle.wrapper.GradleWrapperMain tasks

Host: Intel(R) Core(TM) i5-4570 CPU @ 3.20GHz, 4 cores, 7G,  Windows 10 , 64 bit Build 19041 (10.0.19041.3393)
Time: Wed Sep 20 17:20:04 2023 Pacific Daylight Time elapsed time: 5.081503 seconds (0d 0h 0m 5s)

---------------  T H R E A D  ---------------

Current thread (0x0000022bd73d5000):  JavaThread "C2 CompilerThread0" daemon [_thread_in_native, id=2296, stack(0x000000905c000000,0x000000905c100000)]


Current CompileTask:
C2:   5081 1028   !   4       jdk.internal.loader.URLClassPath$JarLoader::getResource (353 bytes)

Stack: [0x000000905c000000,0x000000905c100000]
Native frames: (J=compiled Java code, j=interpreted, Vv=VM code, C=native code)
V  [jvm.dll+0x62e9da]
V  [jvm.dll+0x7bc4e9]
V  [jvm.dll+0x7bdbd8]
V  [jvm.dll+0x7be2b3]
V  [jvm.dll+0x2505a8]
V  [jvm.dll+0xc263c]
V  [jvm.dll+0xc2bfc]
V  [jvm.dll+0x2c56a4]
V  [jvm.dll+0x536a1c]
V  [jvm.dll+0x211a7b]
V  [jvm.dll+0x20b6b4]
V  [jvm.dll+0x20881b]
V  [jvm.dll+0x18a7de]
V  [jvm.dll+0x2181ec]
V  [jvm.dll+0x21642b]
V  [jvm.dll+0x77efc0]
V  [jvm.dll+0x777db4]
V  [jvm.dll+0x62d845]
C  [ucrtbase.dll+0x21bb2]
C  [KERNEL32.DLL+0x17344]
C  [ntdll.dll+0x526b1]


---------------  P R O C E S S  ---------------

Threads class SMR info:
_java_thread_list=0x0000022bd85ae4f0, length=11, elements={
0x0000022bbcd3f800, 0x0000022bd7370000, 0x0000022bd7371800, 0x0000022bd736e000,
0x0000022bd73d0800, 0x0000022bd73d1800, 0x0000022bd73d5000, 0x0000022bd73d6000,
0x0000022bd7530800, 0x0000022bd75cc800, 0x0000022bd84fb000
}

Java Threads: ( => current thread )
  0x0000022bbcd3f800 JavaThread "main" [_thread_in_Java, id=13596, stack(0x000000905b300000,0x000000905b400000)]
  0x0000022bd7370000 JavaThread "Reference Handler" daemon [_thread_blocked, id=16964, stack(0x000000905bb00000,0x000000905bc00000)]
  0x0000022bd7371800 JavaThread "Finalizer" daemon [_thread_blocked, id=15020, stack(0x000000905bc00000,0x000000905bd00000)]
  0x0000022bd736e000 JavaThread "Signal Dispatcher" daemon [_thread_blocked, id=7596, stack(0x000000905bd00000,0x000000905be00000)]
  0x0000022bd73d0800 JavaThread "Attach Listener" daemon [_thread_blocked, id=16588, stack(0x000000905be00000,0x000000905bf00000)]
  0x0000022bd73d1800 JavaThread "Service Thread" daemon [_thread_blocked, id=13112, stack(0x000000905bf00000,0x000000905c000000)]
=>0x0000022bd73d5000 JavaThread "C2 CompilerThread0" daemon [_thread_in_native, id=2296, stack(0x000000905c000000,0x000000905c100000)]
  0x0000022bd73d6000 JavaThread "C1 CompilerThread0" daemon [_thread_blocked, id=12792, stack(0x000000905c100000,0x000000905c200000)]
  0x0000022bd7530800 JavaThread "Sweeper thread" daemon [_thread_blocked, id=16228, stack(0x000000905c200000,0x000000905c300000)]
  0x0000022bd75cc800 JavaThread "Common-Cleaner" daemon [_thread_blocked, id=7524, stack(0x000000905c400000,0x000000905c500000)]
  0x0000022bd84fb000 JavaThread "pool-1-thread-1" [_thread_blocked, id=11856, stack(0x000000905c700000,0x000000905c800000)]

Other Threads:
  0x0000022bd735a000 VMThread "VM Thread" [stack: 0x000000905ba00000,0x000000905bb00000] [id=5016]
  0x0000022bd75ca800 WatcherThread [stack: 0x000000905c300000,0x000000905c400000] [id=7400]
  0x0000022bbcd57000 GCTaskThread "GC Thread#0" [stack: 0x000000905b500000,0x000000905b600000] [id=14748]
  0x0000022bd79c9000 GCTaskThread "GC Thread#1" [stack: 0x000000905c500000,0x000000905c600000] [id=15308]
  0x0000022bbcd5d000 ConcurrentGCThread "G1 Main Marker" [stack: 0x000000905b600000,0x000000905b700000] [id=6248]
  0x0000022bbcd5f800 ConcurrentGCThread "G1 Conc#0" [stack: 0x000000905b700000,0x000000905b800000] [id=3332]
  0x0000022bbcdb4800 ConcurrentGCThread "G1 Refine#0" [stack: 0x000000905b800000,0x000000905b900000] [id=13580]
  0x0000022bbcdb5800 ConcurrentGCThread "G1 Young RemSet Sampling" [stack: 0x000000905b900000,0x000000905ba00000] [id=2284]

Threads with active compile tasks:
C2 CompilerThread0     5106 1028   !   4       jdk.internal.loader.URLClassPath$JarLoader::getResource (353 bytes)

VM state:not at safepoint (normal execution)

VM Mutex/Monitor currently owned by a thread: None

Heap address: 0x00000000fc000000, size: 64 MB, Compressed Oops mode: 32-bit
Narrow klass base: 0x0000000000000000, Narrow klass shift: 3
Compressed class space size: 1073741824 Address: 0x0000000100000000

Heap:
 garbage-first heap   total 65536K, used 27906K [0x00000000fc000000, 0x0000000100000000)
  region size 1024K, 24 young (24576K), 2 survivors (2048K)
 Metaspace       used 12947K, capacity 13173K, committed 13440K, reserved 1060864K
  class space    used 1447K, capacity 1564K, committed 1664K, reserved 1048576K
Heap Regions: E=young(eden), S=young(survivor), O=old, HS=humongous(starts), HC=humongous(continues), CS=collection set, F=free, A=archive, TAMS=top-at-mark-start (previous, next)
|   0|0x00000000fc000000, 0x00000000fc100000, 0x00000000fc100000|100%| O|  |TAMS 0x00000000fc000000, 0x00000000fc000000| Untracked 
|   1|0x00000000fc100000, 0x00000000fc140a00, 0x00000000fc200000| 25%| O|  |TAMS 0x00000000fc100000, 0x00000000fc100000| Untracked 
|   2|0x00000000fc200000, 0x00000000fc300000, 0x00000000fc300000|100%|HS|  |TAMS 0x00000000fc200000, 0x00000000fc200000| Complete 
|   3|0x00000000fc300000, 0x00000000fc400000, 0x00000000fc400000|100%|HC|  |TAMS 0x00000000fc300000, 0x00000000fc300000| Complete 
|   4|0x00000000fc400000, 0x00000000fc500000, 0x00000000fc500000|100%|HC|  |TAMS 0x00000000fc400000, 0x00000000fc400000| Complete 
|   5|0x00000000fc500000, 0x00000000fc600000, 0x00000000fc600000|100%|HC|  |TAMS 0x00000000fc500000, 0x00000000fc500000| Complete 
|   6|0x00000000fc600000, 0x00000000fc600000, 0x00000000fc700000|  0%| F|  |TAMS 0x00000000fc600000, 0x00000000fc600000| Untracked 
|   7|0x00000000fc700000, 0x00000000fc700000, 0x00000000fc800000|  0%| F|  |TAMS 0x00000000fc700000, 0x00000000fc700000| Untracked 
|   8|0x00000000fc800000, 0x00000000fc800000, 0x00000000fc900000|  0%| F|  |TAMS 0x00000000fc800000, 0x00000000fc800000| Untracked 
|   9|0x00000000fc900000, 0x00000000fc900000, 0x00000000fca00000|  0%| F|  |TAMS 0x00000000fc900000, 0x00000000fc900000| Untracked 
|  10|0x00000000fca00000, 0x00000000fca00000, 0x00000000fcb00000|  0%| F|  |TAMS 0x00000000fca00000, 0x00000000fca00000| Untracked 
|  11|0x00000000fcb00000, 0x00000000fcb00000, 0x00000000fcc00000|  0%| F|  |TAMS 0x00000000fcb00000, 0x00000000fcb00000| Untracked 
|  12|0x00000000fcc00000, 0x00000000fcc00000, 0x00000000fcd00000|  0%| F|  |TAMS 0x00000000fcc00000, 0x00000000fcc00000| Untracked 
|  13|0x00000000fcd00000, 0x00000000fcd00000, 0x00000000fce00000|  0%| F|  |TAMS 0x00000000fcd00000, 0x00000000fcd00000| Untracked 
|  14|0x00000000fce00000, 0x00000000fce00000, 0x00000000fcf00000|  0%| F|  |TAMS 0x00000000fce00000, 0x00000000fce00000| Untracked 
|  15|0x00000000fcf00000, 0x00000000fcf00000, 0x00000000fd000000|  0%| F|  |TAMS 0x00000000fcf00000, 0x00000000fcf00000| Untracked 
|  16|0x00000000fd000000, 0x00000000fd000000, 0x00000000fd100000|  0%| F|  |TAMS 0x00000000fd000000, 0x00000000fd000000| Untracked 
|  17|0x00000000fd100000, 0x00000000fd100000, 0x00000000fd200000|  0%| F|  |TAMS 0x00000000fd100000, 0x00000000fd100000| Untracked 
|  18|0x00000000fd200000, 0x00000000fd200000, 0x00000000fd300000|  0%| F|  |TAMS 0x00000000fd200000, 0x00000000fd200000| Untracked 
|  19|0x00000000fd300000, 0x00000000fd300000, 0x00000000fd400000|  0%| F|  |TAMS 0x00000000fd300000, 0x00000000fd300000| Untracked 
|  20|0x00000000fd400000, 0x00000000fd400000, 0x00000000fd500000|  0%| F|  |TAMS 0x00000000fd400000, 0x00000000fd400000| Untracked 
|  21|0x00000000fd500000, 0x00000000fd500000, 0x00000000fd600000|  0%| F|  |TAMS 0x00000000fd500000, 0x00000000fd500000| Untracked 
|  22|0x00000000fd600000, 0x00000000fd600000, 0x00000000fd700000|  0%| F|  |TAMS 0x00000000fd600000, 0x00000000fd600000| Untracked 
|  23|0x00000000fd700000, 0x00000000fd700000, 0x00000000fd800000|  0%| F|  |TAMS 0x00000000fd700000, 0x00000000fd700000| Untracked 
|  24|0x00000000fd800000, 0x00000000fd800000, 0x00000000fd900000|  0%| F|  |TAMS 0x00000000fd800000, 0x00000000fd800000| Untracked 
|  25|0x00000000fd900000, 0x00000000fd900000, 0x00000000fda00000|  0%| F|  |TAMS 0x00000000fd900000, 0x00000000fd900000| Untracked 
|  26|0x00000000fda00000, 0x00000000fda00000, 0x00000000fdb00000|  0%| F|  |TAMS 0x00000000fda00000, 0x00000000fda00000| Untracked 
|  27|0x00000000fdb00000, 0x00000000fdb00000, 0x00000000fdc00000|  0%| F|  |TAMS 0x00000000fdb00000, 0x00000000fdb00000| Untracked 
|  28|0x00000000fdc00000, 0x00000000fdc00000, 0x00000000fdd00000|  0%| F|  |TAMS 0x00000000fdc00000, 0x00000000fdc00000| Untracked 
|  29|0x00000000fdd00000, 0x00000000fdd00000, 0x00000000fde00000|  0%| F|  |TAMS 0x00000000fdd00000, 0x00000000fdd00000| Untracked 
|  30|0x00000000fde00000, 0x00000000fde00000, 0x00000000fdf00000|  0%| F|  |TAMS 0x00000000fde00000, 0x00000000fde00000| Untracked 
|  31|0x00000000fdf00000, 0x00000000fdf00000, 0x00000000fe000000|  0%| F|  |TAMS 0x00000000fdf00000, 0x00000000fdf00000| Untracked 
|  32|0x00000000fe000000, 0x00000000fe000000, 0x00000000fe100000|  0%| F|  |TAMS 0x00000000fe000000, 0x00000000fe000000| Untracked 
|  33|0x00000000fe100000, 0x00000000fe100000, 0x00000000fe200000|  0%| F|  |TAMS 0x00000000fe100000, 0x00000000fe100000| Untracked 
|  34|0x00000000fe200000, 0x00000000fe200000, 0x00000000fe300000|  0%| F|  |TAMS 0x00000000fe200000, 0x00000000fe200000| Untracked 
|  35|0x00000000fe300000, 0x00000000fe300000, 0x00000000fe400000|  0%| F|  |TAMS 0x00000000fe300000, 0x00000000fe300000| Untracked 
|  36|0x00000000fe400000, 0x00000000fe400000, 0x00000000fe500000|  0%| F|  |TAMS 0x00000000fe400000, 0x00000000fe400000| Untracked 
|  37|0x00000000fe500000, 0x00000000fe500000, 0x00000000fe600000|  0%| F|  |TAMS 0x00000000fe500000, 0x00000000fe500000| Untracked 
|  38|0x00000000fe600000, 0x00000000fe600000, 0x00000000fe700000|  0%| F|  |TAMS 0x00000000fe600000, 0x00000000fe600000| Untracked 
|  39|0x00000000fe700000, 0x00000000fe700000, 0x00000000fe800000|  0%| F|  |TAMS 0x00000000fe700000, 0x00000000fe700000| Untracked 
|  40|0x00000000fe800000, 0x00000000fe900000, 0x00000000fe900000|100%| E|  |TAMS 0x00000000fe800000, 0x00000000fe800000| Complete 
|  41|0x00000000fe900000, 0x00000000fea00000, 0x00000000fea00000|100%| E|CS|TAMS 0x00000000fe900000, 0x00000000fe900000| Complete 
|  42|0x00000000fea00000, 0x00000000feb00000, 0x00000000feb00000|100%| E|CS|TAMS 0x00000000fea00000, 0x00000000fea00000| Complete 
|  43|0x00000000feb00000, 0x00000000fec00000, 0x00000000fec00000|100%| E|CS|TAMS 0x00000000feb00000, 0x00000000feb00000| Complete 
|  44|0x00000000fec00000, 0x00000000fed00000, 0x00000000fed00000|100%| E|CS|TAMS 0x00000000fec00000, 0x00000000fec00000| Complete 
|  45|0x00000000fed00000, 0x00000000fee00000, 0x00000000fee00000|100%| E|CS|TAMS 0x00000000fed00000, 0x00000000fed00000| Complete 
|  46|0x00000000fee00000, 0x00000000fef00000, 0x00000000fef00000|100%| E|CS|TAMS 0x00000000fee00000, 0x00000000fee00000| Complete 
|  47|0x00000000fef00000, 0x00000000ff000000, 0x00000000ff000000|100%| E|CS|TAMS 0x00000000fef00000, 0x00000000fef00000| Complete 
|  48|0x00000000ff000000, 0x00000000ff100000, 0x00000000ff100000|100%| S|CS|TAMS 0x00000000ff000000, 0x00000000ff000000| Complete 
|  49|0x00000000ff100000, 0x00000000ff200000, 0x00000000ff200000|100%| S|CS|TAMS 0x00000000ff100000, 0x00000000ff100000| Complete 
|  50|0x00000000ff200000, 0x00000000ff300000, 0x00000000ff300000|100%| E|CS|TAMS 0x00000000ff200000, 0x00000000ff200000| Complete 
|  51|0x00000000ff300000, 0x00000000ff400000, 0x00000000ff400000|100%| E|CS|TAMS 0x00000000ff300000, 0x00000000ff300000| Complete 
|  52|0x00000000ff400000, 0x00000000ff500000, 0x00000000ff500000|100%| E|CS|TAMS 0x00000000ff400000, 0x00000000ff400000| Complete 
|  53|0x00000000ff500000, 0x00000000ff600000, 0x00000000ff600000|100%| E|CS|TAMS 0x00000000ff500000, 0x00000000ff500000| Complete 
|  54|0x00000000ff600000, 0x00000000ff700000, 0x00000000ff700000|100%| E|CS|TAMS 0x00000000ff600000, 0x00000000ff600000| Complete 
|  55|0x00000000ff700000, 0x00000000ff800000, 0x00000000ff800000|100%| E|CS|TAMS 0x00000000ff700000, 0x00000000ff700000| Complete 
|  56|0x00000000ff800000, 0x00000000ff900000, 0x00000000ff900000|100%| E|CS|TAMS 0x00000000ff800000, 0x00000000ff800000| Complete 
|  57|0x00000000ff900000, 0x00000000ffa00000, 0x00000000ffa00000|100%| E|CS|TAMS 0x00000000ff900000, 0x00000000ff900000| Complete 
|  58|0x00000000ffa00000, 0x00000000ffb00000, 0x00000000ffb00000|100%| E|CS|TAMS 0x00000000ffa00000, 0x00000000ffa00000| Complete 
|  59|0x00000000ffb00000, 0x00000000ffc00000, 0x00000000ffc00000|100%| E|CS|TAMS 0x00000000ffb00000, 0x00000000ffb00000| Complete 
|  60|0x00000000ffc00000, 0x00000000ffd00000, 0x00000000ffd00000|100%| E|CS|TAMS 0x00000000ffc00000, 0x00000000ffc00000| Complete 
|  61|0x00000000ffd00000, 0x00000000ffe00000, 0x00000000ffe00000|100%| E|  |TAMS 0x00000000ffd00000, 0x00000000ffd00000| Complete 
|  62|0x00000000ffe00000, 0x00000000fff00000, 0x00000000fff00000|100%| E|CS|TAMS 0x00000000ffe00000, 0x00000000ffe00000| Complete 
|  63|0x00000000fff00000, 0x0000000100000000, 0x0000000100000000|100%| E|CS|TAMS 0x00000000fff00000, 0x00000000fff00000| Complete 

Card table byte_map: [0x0000022bbcb90000,0x0000022bbcbb0000] _byte_map_base: 0x0000022bbc3b0000

Marking Bits (Prev, Next): (CMBitMap*) 0x0000022bbcd5bfa8, (CMBitMap*) 0x0000022bbcd5bfe0
 Prev Bits: [0x0000022bbcbd0000, 0x0000022bbccd0000)
 Next Bits: [0x0000022bd44c0000, 0x0000022bd45c0000)

Polling page: 0x0000022bbc520000

Metaspace:

Usage:
  Non-class:     11.34 MB capacity,    11.23 MB (>99%) used,    91.46 KB ( <1%) free+waste,    17.75 KB ( <1%) overhead. 
      Class:      1.53 MB capacity,     1.41 MB ( 93%) used,   107.74 KB (  7%) free+waste,     8.88 KB ( <1%) overhead. 
       Both:     12.86 MB capacity,    12.64 MB ( 98%) used,   199.20 KB (  2%) free+waste,    26.63 KB ( <1%) overhead. 

Virtual space:
  Non-class space:       12.00 MB reserved,      11.50 MB ( 96%) committed 
      Class space:        1.00 GB reserved,       1.63 MB ( <1%) committed 
             Both:        1.01 GB reserved,      13.13 MB (  1%) committed 

Chunk freelists:
   Non-Class:  39.00 KB
       Class:  4.00 KB
        Both:  43.00 KB

MaxMetaspaceSize: 17179869184.00 GB
CompressedClassSpaceSize: 1.00 GB
Initial GC threshold: 20.80 MB
Current GC threshold: 20.80 MB
CDS: off

CodeHeap 'non-profiled nmethods': size=120064Kb used=420Kb max_used=420Kb free=119644Kb
 bounds [0x0000022bccf80000, 0x0000022bcd1f0000, 0x0000022bd44c0000]
CodeHeap 'profiled nmethods': size=120000Kb used=1962Kb max_used=1962Kb free=118037Kb
 bounds [0x0000022bc5a50000, 0x0000022bc5cc0000, 0x0000022bccf80000]
CodeHeap 'non-nmethods': size=5696Kb used=1133Kb max_used=1147Kb free=4562Kb
 bounds [0x0000022bc54c0000, 0x0000022bc5730000, 0x0000022bc5a50000]
 total_blobs=1424 nmethods=1034 adapters=303
 compilation: enabled
              stopped_count=0, restarted_count=0
 full_count=0

Compilation events (20 events):
Event: 5.042 Thread 0x0000022bd73d5000 nmethod 1018 0x0000022bccfe7210 code [0x0000022bccfe73c0, 0x0000022bccfe7898]
Event: 5.050 Thread 0x0000022bd73d5000 1019 %     4       sun.net.www.ParseUtil::firstEncodeIndex @ 7 (86 bytes)
Event: 5.051 Thread 0x0000022bd73d6000 1020       3       java.util.LinkedList$ListItr::checkForComodification (23 bytes)
Event: 5.051 Thread 0x0000022bd73d6000 nmethod 1020 0x0000022bc5c33990 code [0x0000022bc5c33b60, 0x0000022bc5c33d28]
Event: 5.051 Thread 0x0000022bd73d6000 1021       1       java.lang.ClassLoader::getUnnamedModule (5 bytes)
Event: 5.051 Thread 0x0000022bd73d6000 nmethod 1021 0x0000022bccfe7b10 code [0x0000022bccfe7cc0, 0x0000022bccfe7d78]
Event: 5.052 Thread 0x0000022bd73d5000 nmethod 1019% 0x0000022bccfe7e10 code [0x0000022bccfe7fc0, 0x0000022bccfe8208]
Event: 5.057 Thread 0x0000022bd73d6000 1022       3       java.util.LinkedList$ListItr::next (56 bytes)
Event: 5.057 Thread 0x0000022bd73d6000 nmethod 1022 0x0000022bc5c33e10 code [0x0000022bc5c34000, 0x0000022bc5c344b8]
Event: 5.058 Thread 0x0000022bd73d6000 1023       3       sun.reflect.generics.parser.SignatureParser::skipIdentifier (67 bytes)
Event: 5.058 Thread 0x0000022bd73d6000 nmethod 1023 0x0000022bc5c34690 code [0x0000022bc5c348a0, 0x0000022bc5c34e28]
Event: 5.058 Thread 0x0000022bd73d6000 1024       1       java.lang.reflect.Method::getGenericSignature (5 bytes)
Event: 5.058 Thread 0x0000022bd73d6000 nmethod 1024 0x0000022bccfe8910 code [0x0000022bccfe8ac0, 0x0000022bccfe8b78]
Event: 5.058 Thread 0x0000022bd73d6000 1026       3       java.lang.Class::reflectionData (43 bytes)
Event: 5.058 Thread 0x0000022bd73d6000 nmethod 1026 0x0000022bc5c35010 code [0x0000022bc5c351e0, 0x0000022bc5c355b8]
Event: 5.069 Thread 0x0000022bd73d5000 1028   !   4       jdk.internal.loader.URLClassPath$JarLoader::getResource (353 bytes)
Event: 5.070 Thread 0x0000022bd73d6000 1029       3       java.lang.reflect.AccessibleObject::<init> (5 bytes)
Event: 5.070 Thread 0x0000022bd73d6000 nmethod 1029 0x0000022bc5c35710 code [0x0000022bc5c358c0, 0x0000022bc5c35a18]
Event: 5.071 Thread 0x0000022bd73d6000 1030       3       java.lang.invoke.MethodHandles$Lookup::isClassAccessible (32 bytes)
Event: 5.072 Thread 0x0000022bd73d6000 nmethod 1030 0x0000022bc5c35b10 code [0x0000022bc5c35d00, 0x0000022bc5c360f8]

GC Heap History (2 events):
Event: 2.133 GC heap before
{Heap before GC invocations=0 (full 0):
 garbage-first heap   total 65536K, used 13312K [0x00000000fc000000, 0x0000000100000000)
  region size 1024K, 14 young (14336K), 0 survivors (0K)
 Metaspace       used 7711K, capacity 7953K, committed 8192K, reserved 1056768K
  class space    used 675K, capacity 754K, committed 768K, reserved 1048576K
}
Event: 2.169 GC heap after
{Heap after GC invocations=1 (full 0):
 garbage-first heap   total 65536K, used 3330K [0x00000000fc000000, 0x0000000100000000)
  region size 1024K, 2 young (2048K), 2 survivors (2048K)
 Metaspace       used 7711K, capacity 7953K, committed 8192K, reserved 1056768K
  class space    used 675K, capacity 754K, committed 768K, reserved 1048576K
}

Deoptimization events (20 events):
Event: 4.428 Thread 0x0000022bbcd3f800 DEOPT PACKING pc=0x0000022bccf9f4ac sp=0x000000905b3fcd70
Event: 4.428 Thread 0x0000022bbcd3f800 DEOPT UNPACKING pc=0x0000022bc550a1af sp=0x000000905b3fcd18 mode 2
Event: 4.428 Thread 0x0000022bbcd3f800 Uncommon trap: trap_request=0xffffffde fr.pc=0x0000022bccf9f4ac relative=0x000000000000038c
Event: 4.428 Thread 0x0000022bbcd3f800 Uncommon trap: reason=class_check action=maybe_recompile pc=0x0000022bccf9f4ac method=java.util.regex.Matcher.match(II)Z @ 121 c2
Event: 4.428 Thread 0x0000022bbcd3f800 DEOPT PACKING pc=0x0000022bccf9f4ac sp=0x000000905b3fcd70
Event: 4.428 Thread 0x0000022bbcd3f800 DEOPT UNPACKING pc=0x0000022bc550a1af sp=0x000000905b3fcd18 mode 2
Event: 4.429 Thread 0x0000022bbcd3f800 Uncommon trap: trap_request=0xffffffde fr.pc=0x0000022bccf9f4ac relative=0x000000000000038c
Event: 4.429 Thread 0x0000022bbcd3f800 Uncommon trap: reason=class_check action=maybe_recompile pc=0x0000022bccf9f4ac method=java.util.regex.Matcher.match(II)Z @ 121 c2
Event: 4.429 Thread 0x0000022bbcd3f800 DEOPT PACKING pc=0x0000022bccf9f4ac sp=0x000000905b3fcbf0
Event: 4.429 Thread 0x0000022bbcd3f800 DEOPT UNPACKING pc=0x0000022bc550a1af sp=0x000000905b3fcb98 mode 2
Event: 4.429 Thread 0x0000022bbcd3f800 Uncommon trap: trap_request=0xffffffde fr.pc=0x0000022bccf9f4ac relative=0x000000000000038c
Event: 4.429 Thread 0x0000022bbcd3f800 Uncommon trap: reason=class_check action=maybe_recompile pc=0x0000022bccf9f4ac method=java.util.regex.Matcher.match(II)Z @ 121 c2
Event: 4.429 Thread 0x0000022bbcd3f800 DEOPT PACKING pc=0x0000022bccf9f4ac sp=0x000000905b3fcbf0
Event: 4.429 Thread 0x0000022bbcd3f800 DEOPT UNPACKING pc=0x0000022bc550a1af sp=0x000000905b3fcb98 mode 2
Event: 4.433 Thread 0x0000022bbcd3f800 Uncommon trap: trap_request=0xffffff4d fr.pc=0x0000022bccf8cef4 relative=0x0000000000000054
Event: 4.433 Thread 0x0000022bbcd3f800 Uncommon trap: reason=unstable_if action=reinterpret pc=0x0000022bccf8cef4 method=java.util.regex.Pattern.has(I)Z @ 6 c2
Event: 4.433 Thread 0x0000022bbcd3f800 DEOPT PACKING pc=0x0000022bccf8cef4 sp=0x000000905b3fc9e0
Event: 4.433 Thread 0x0000022bbcd3f800 DEOPT UNPACKING pc=0x0000022bc550a1af sp=0x000000905b3fc970 mode 2
Event: 5.049 Thread 0x0000022bbcd3f800 DEOPT PACKING pc=0x0000022bc5af277f sp=0x000000905b3f9b90
Event: 5.049 Thread 0x0000022bbcd3f800 DEOPT UNPACKING pc=0x0000022bc550a95e sp=0x000000905b3f8fe0 mode 0

Classes redefined (0 events):
No events

Internal exceptions (8 events):
Event: 0.938 Thread 0x0000022bbcd3f800 Exception <a 'java/lang/NoSuchMethodError'{0x00000000ffc69f08}: 'int java.lang.invoke.DirectMethodHandle$Holder.invokeStaticInit(java.lang.Object, java.lang.Object)'> (0x00000000ffc69f08) thrown at [s\src\hotspot\share\interpreter\linkResolver.cpp, line 773]
Event: 1.012 Thread 0x0000022bbcd3f800 Exception <a 'java/lang/NoSuchMethodError'{0x00000000ffb3f450}: 'int java.lang.invoke.DirectMethodHandle$Holder.invokeSpecial(java.lang.Object, java.lang.Object, java.lang.Object, java.lang.Object)'> (0x00000000ffb3f450) thrown at [s\src\hotspot\share\interpreter\linkResolver.cpp, line 773]
Event: 1.054 Thread 0x0000022bbcd3f800 Exception <a 'java/lang/NoSuchMethodError'{0x00000000ffb77cf0}: 'int java.lang.invoke.DirectMethodHandle$Holder.invokeSpecialIFC(java.lang.Object, java.lang.Object, int)'> (0x00000000ffb77cf0) thrown at [s\src\hotspot\share\interpreter\linkResolver.cpp, line 773]
Event: 4.526 Thread 0x0000022bbcd3f800 Exception <a 'java/lang/NoClassDefFoundError'{0x00000000ff686138}: org/slf4j/impl/StaticMarkerBinder> (0x00000000ff686138) thrown at [s\src\hotspot\share\classfile\systemDictionary.cpp, line 219]
Event: 4.547 Thread 0x0000022bbcd3f800 Exception <a 'java/lang/NoSuchMethodError'{0x00000000ff587bc8}: 'java.lang.Object java.lang.invoke.DirectMethodHandle$Holder.invokeVirtual(java.lang.Object, java.lang.Object, java.lang.Object, java.lang.Object, java.lang.Object, java.lang.Object, java.lang.Object)'> (0x00000000ff587bc8) thrown at [s\src\hotspot\share\interpreter\linkResolver.cpp, line 773]
Event: 4.549 Thread 0x0000022bbcd3f800 Exception <a 'java/lang/NoSuchMethodError'{0x00000000ff59b710}: 'java.lang.Object java.lang.invoke.Invokers$Holder.invoker(java.lang.Object, java.lang.Object, java.lang.Object)'> (0x00000000ff59b710) thrown at [s\src\hotspot\share\interpreter\linkResolver.cpp, line 773]
Event: 4.556 Thread 0x0000022bbcd3f800 Exception <a 'java/lang/NoSuchMethodError'{0x00000000ff5ac390}: 'void java.lang.invoke.DelegatingMethodHandle$Holder.delegate(java.lang.Object, java.lang.Object, int, java.lang.Object)'> (0x00000000ff5ac390) thrown at [s\src\hotspot\share\interpreter\linkResolver.cpp, line 773]
Event: 4.973 Thread 0x0000022bbcd3f800 Exception <a 'java/lang/NoSuchMethodError'{0x00000000fea90550}: 'java.lang.Object java.lang.invoke.DirectMethodHandle$Holder.invokeStaticInit(java.lang.Object, java.lang.Object, java.lang.Object)'> (0x00000000fea90550) thrown at [s\src\hotspot\share\interpreter\linkResolver.cpp, line 773]

Events (20 events):
Event: 5.078 loading class java/net/SocketAddress
Event: 5.078 loading class java/net/SocketAddress done
Event: 5.078 loading class java/net/InetSocketAddress
Event: 5.078 loading class java/net/InetSocketAddress done
Event: 5.078 loading class java/net/ConnectException
Event: 5.078 loading class java/net/ConnectException done
Event: 5.078 loading class org/gradle/launcher/daemon/client/DefaultDaemonStarter
Event: 5.078 loading class org/gradle/launcher/daemon/client/DefaultDaemonStarter done
Event: 5.079 loading class org/gradle/api/internal/classpath/ModuleRegistry
Event: 5.079 loading class org/gradle/api/internal/classpath/ModuleRegistry done
Event: 5.079 loading class org/gradle/internal/stream/EncodedStream$EncodedOutput
Event: 5.079 loading class org/gradle/internal/stream/EncodedStream$EncodedOutput done
Event: 5.079 loading class org/gradle/internal/serialize/FlushableEncoder
Event: 5.079 loading class org/gradle/internal/serialize/FlushableEncoder done
Event: 5.080 loading class org/gradle/internal/service/scopes/Scope$Global
Event: 5.080 loading class org/gradle/internal/service/scopes/Scope$Global done
Event: 5.080 loading class org/gradle/internal/service/scopes/Scope
Event: 5.080 loading class org/gradle/internal/service/scopes/Scope done
Event: 5.080 loading class org/gradle/internal/service/scopes/StatefulListener
Event: 5.080 loading class org/gradle/internal/service/scopes/StatefulListener done


Dynamic libraries:
0x00007ff75dfa0000 - 0x00007ff75dfad000 	C:\Program Files\Microsoft\jdk-11.0.20.8-hotspot\bin\java.exe
0x00007fff7ba90000 - 0x00007fff7bc88000 	C:\Windows\SYSTEM32\ntdll.dll
0x00007fff7b990000 - 0x00007fff7ba4d000 	C:\Windows\System32\KERNEL32.DLL
0x00007fff79300000 - 0x00007fff795f6000 	C:\Windows\System32\KERNELBASE.dll
0x00007fff79860000 - 0x00007fff79960000 	C:\Windows\System32\ucrtbase.dll
0x00007fff6cbf0000 - 0x00007fff6cc07000 	C:\Program Files\Microsoft\jdk-11.0.20.8-hotspot\bin\jli.dll
0x00007fff7b7f0000 - 0x00007fff7b98e000 	C:\Windows\System32\USER32.dll
0x00007fff79960000 - 0x00007fff79982000 	C:\Windows\System32\win32u.dll
0x00007fff7b020000 - 0x00007fff7b04c000 	C:\Windows\System32\GDI32.dll
0x00007fff79600000 - 0x00007fff7971a000 	C:\Windows\System32\gdi32full.dll
0x00007fff79a00000 - 0x00007fff79a9d000 	C:\Windows\System32\msvcp_win.dll
0x00007fff6cc10000 - 0x00007fff6cc25000 	C:\Program Files\Microsoft\jdk-11.0.20.8-hotspot\bin\VCRUNTIME140.dll
0x00007fff6a660000 - 0x00007fff6a8fa000 	C:\Windows\WinSxS\amd64_microsoft.windows.common-controls_6595b64144ccf1df_6.0.19041.1110_none_60b5254171f9507e\COMCTL32.dll
0x00007fff7b160000 - 0x00007fff7b1fe000 	C:\Windows\System32\msvcrt.dll
0x00007fff79df0000 - 0x00007fff79e20000 	C:\Windows\System32\IMM32.DLL
0x00007fff6c580000 - 0x00007fff6c61b000 	C:\Program Files\Microsoft\jdk-11.0.20.8-hotspot\bin\msvcp140.dll
0x00007fff28b90000 - 0x00007fff29726000 	C:\Program Files\Microsoft\jdk-11.0.20.8-hotspot\bin\server\jvm.dll
0x00007fff7b0b0000 - 0x00007fff7b15e000 	C:\Windows\System32\ADVAPI32.dll
0x00007fff7b280000 - 0x00007fff7b31c000 	C:\Windows\System32\sechost.dll
0x00007fff79be0000 - 0x00007fff79d06000 	C:\Windows\System32\RPCRT4.dll
0x00007fff79e20000 - 0x00007fff79e28000 	C:\Windows\System32\PSAPI.DLL
0x00007fff6cbe0000 - 0x00007fff6cbe9000 	C:\Windows\SYSTEM32\WSOCK32.dll
0x00007fff7a6b0000 - 0x00007fff7a71b000 	C:\Windows\System32\WS2_32.dll
0x00007fff6a070000 - 0x00007fff6a097000 	C:\Windows\SYSTEM32\WINMM.dll
0x00007fff76f70000 - 0x00007fff76f7a000 	C:\Windows\SYSTEM32\VERSION.dll
0x00007fff77970000 - 0x00007fff77982000 	C:\Windows\SYSTEM32\kernel.appcore.dll
0x00007fff6c9c0000 - 0x00007fff6c9d0000 	C:\Program Files\Microsoft\jdk-11.0.20.8-hotspot\bin\verify.dll
0x00007fff6a0f0000 - 0x00007fff6a2d4000 	C:\Windows\SYSTEM32\DBGHELP.DLL
0x00007fff6a020000 - 0x00007fff6a054000 	C:\Windows\SYSTEM32\dbgcore.DLL
0x00007fff797d0000 - 0x00007fff79852000 	C:\Windows\System32\bcryptPrimitives.dll
0x00007fff6c190000 - 0x00007fff6c1b8000 	C:\Program Files\Microsoft\jdk-11.0.20.8-hotspot\bin\java.dll
0x00007fff6c9b0000 - 0x00007fff6c9ba000 	C:\Program Files\Microsoft\jdk-11.0.20.8-hotspot\bin\jimage.dll
0x00007fff6b9c0000 - 0x00007fff6b9d8000 	C:\Program Files\Microsoft\jdk-11.0.20.8-hotspot\bin\zip.dll
0x00007fff7a720000 - 0x00007fff7ae65000 	C:\Windows\System32\SHELL32.dll
0x00007fff771c0000 - 0x00007fff7795b000 	C:\Windows\SYSTEM32\windows.storage.dll
0x00007fff7a2f0000 - 0x00007fff7a644000 	C:\Windows\System32\combase.dll
0x00007fff78a00000 - 0x00007fff78a2e000 	C:\Windows\SYSTEM32\Wldp.dll
0x00007fff7a120000 - 0x00007fff7a1cd000 	C:\Windows\System32\SHCORE.dll
0x00007fff79af0000 - 0x00007fff79b45000 	C:\Windows\System32\shlwapi.dll
0x00007fff790a0000 - 0x00007fff790c5000 	C:\Windows\SYSTEM32\profapi.dll
0x00007fff688b0000 - 0x00007fff688c9000 	C:\Program Files\Microsoft\jdk-11.0.20.8-hotspot\bin\net.dll
0x00007fff6fe20000 - 0x00007fff6ff2a000 	C:\Windows\SYSTEM32\WINHTTP.dll
0x00007fff787e0000 - 0x00007fff7884a000 	C:\Windows\system32\mswsock.dll
0x00007fff68890000 - 0x00007fff688a3000 	C:\Program Files\Microsoft\jdk-11.0.20.8-hotspot\bin\nio.dll
0x00007fff67200000 - 0x00007fff67227000 	C:\Users\Zubair\.gradle\native\68d5fa5c4cc2d200863cafc0d521ce42e7d3e7ee720ec0a83991735586a16f82\windows-amd64\native-platform.dll
0x00007fff6c9a0000 - 0x00007fff6c9a9000 	C:\Program Files\Microsoft\jdk-11.0.20.8-hotspot\bin\management.dll
0x00007fff6c180000 - 0x00007fff6c18b000 	C:\Program Files\Microsoft\jdk-11.0.20.8-hotspot\bin\management_ext.dll

dbghelp: loaded successfully - version: 4.0.5 - missing functions: none
symbol engine: initialized successfully - sym options: 0x614 - pdb path: .;C:\Program Files\Microsoft\jdk-11.0.20.8-hotspot\bin;C:\Windows\SYSTEM32;C:\Windows\WinSxS\amd64_microsoft.windows.common-controls_6595b64144ccf1df_6.0.19041.1110_none_60b5254171f9507e;C:\Program Files\Microsoft\jdk-11.0.20.8-hotspot\bin\server;C:\Users\Zubair\.gradle\native\68d5fa5c4cc2d200863cafc0d521ce42e7d3e7ee720ec0a83991735586a16f82\windows-amd64

VM Arguments:
jvm_args: -Xmx64m -Xms64m -Dorg.gradle.appname=gradlew 
java_command: org.gradle.wrapper.GradleWrapperMain tasks
java_class_path (initial): C:\Users\Zubair\Desktop\Expo\project\android\\gradle\wrapper\gradle-wrapper.jar
Launcher Type: SUN_STANDARD

[Global flags]
     intx CICompilerCount                          = 3                                         {product} {ergonomic}
     uint ConcGCThreads                            = 1                                         {product} {ergonomic}
     uint G1ConcRefinementThreads                  = 4                                         {product} {ergonomic}
   size_t G1HeapRegionSize                         = 1048576                                   {product} {ergonomic}
    uintx GCDrainStackTargetSize                   = 64                                        {product} {ergonomic}
   size_t InitialHeapSize                          = 67108864                                  {product} {command line}
   size_t MarkStackSize                            = 4194304                                   {product} {ergonomic}
   size_t MaxHeapSize                              = 67108864                                  {product} {command line}
   size_t MaxNewSize                               = 39845888                                  {product} {ergonomic}
   size_t MinHeapDeltaBytes                        = 1048576                                   {product} {ergonomic}
    uintx NonNMethodCodeHeapSize                   = 5830732                                {pd product} {ergonomic}
    uintx NonProfiledCodeHeapSize                  = 122913754                              {pd product} {ergonomic}
    uintx ProfiledCodeHeapSize                     = 122913754                              {pd product} {ergonomic}
    uintx ReservedCodeCacheSize                    = 251658240                              {pd product} {ergonomic}
     bool SegmentedCodeCache                       = true                                      {product} {ergonomic}
     bool UseCompressedClassPointers               = true                                 {lp64_product} {ergonomic}
     bool UseCompressedOops                        = true                                 {lp64_product} {ergonomic}
     bool UseG1GC                                  = true                                      {product} {ergonomic}
     bool UseLargePagesIndividualAllocation        = false                                  {pd product} {ergonomic}

Logging:
Log output configuration:
 #0: stdout all=warning uptime,level,tags
 #1: stderr all=off uptime,level,tags

Environment Variables:
JAVA_HOME=C:\Program Files\Microsoft\jdk-11.0.20.8-hotspot\
CLASSPATH=C:\Users\Zubair\Desktop\Expo\project\android\\gradle\wrapper\gradle-wrapper.jar
PATH=C:\Users\Zubair\Desktop\Expo\project\node_modules\.bin;C:\Users\Zubair\Desktop\Expo\project\node_modules\.bin;C:\Users\Zubair\Desktop\Expo\node_modules\.bin;C:\Users\Zubair\Desktop\node_modules\.bin;C:\Users\Zubair\node_modules\.bin;C:\Users\node_modules\.bin;C:\node_modules\.bin;C:\Program Files\nodejs\node_modules\npm\node_modules\@npmcli\run-script\lib\node-gyp-bin;C:\Users\Zubair\Desktop\Expo\project\node_modules\.bin;C:\Users\Zubair\Desktop\Expo\node_modules\.bin;C:\Users\Zubair\Desktop\node_modules\.bin;C:\Users\Zubair\node_modules\.bin;C:\Users\node_modules\.bin;C:\node_modules\.bin;C:\Program Files\nodejs\node_modules\npm\node_modules\@npmcli\run-script\lib\node-gyp-bin;C:\Program Files\Microsoft\jdk-11.0.20.8-hotspot\bin;C:\Program Files\Eclipse Adoptium\jdk-11.0.20.8-hotspot\bin;C:\Python27\;C:\Python27\Scripts;C:\Python311\Scripts\;C:\Python311\;C:\Windows\system32;C:\Windows;C:\Windows\System32\Wbem;C:\Windows\System32\WindowsPowerShell\v1.0\;C:\Windows\System32\OpenSSH\;C:\Program Files\Microsoft VS Code\bin;C:\ProgramData\chocolatey\bin;C:\Program Files\GitHub CLI\;C:\Program Files\nodejs\;C:\Program Files\gradle-8.3\bin;C:\Program Files\Microsoft\jdk-11.0.20.8-hotspot;C:\Users\Zubair\AppData\Local\Android\Sdk\tools;C:\Users\Zubair\AppData\Local\Microsoft\WindowsApps;C:\Users\Zubair\AppData\Roaming\npm;C:\Users\Zubair\AppData\Local\Android\Sdk;C:\Users\Zubair\AppData\Local\Android\Sdk\build-tools;C:\Users\Zubair\AppData\Local\Android\Sdk\emulator;C:\Users\Zubair\AppData\Local\Android\Sdk\platform-tools;
USERNAME=Zubair
OS=Windows_NT
PROCESSOR_IDENTIFIER=Intel64 Family 6 Model 60 Stepping 3, GenuineIntel
TMP=C:\Users\Zubair\AppData\Local\Temp
TEMP=C:\Users\Zubair\AppData\Local\Temp



---------------  S Y S T E M  ---------------

OS: Windows 10 , 64 bit Build 19041 (10.0.19041.3393)
OS uptime: 0 days 0:05 hours
Hyper-V role detected

CPU:total 4 (initial active 4) (4 cores per cpu, 1 threads per core) family 6 model 60 stepping 3 microcode 0x27, cmov, cx8, fxsr, mmx, sse, sse2, sse3, ssse3, sse4.1, sse4.2, popcnt, avx, avx2, aes, clmul, erms, lzcnt, tsc, tscinvbit, bmi1, bmi2, fma

Memory: 4k page, system-wide physical 8097M (672M free)
TotalPageFile size 11378M (AvailPageFile size 62M)
current process WorkingSet (physical memory assigned to process): 81M, peak: 81M
current process commit charge ("private bytes"): 152M, peak: 152M

vm_info: OpenJDK 64-Bit Server VM (11.0.20+8-LTS) for windows-amd64 JRE (11.0.20+8-LTS), built on Jul  7 2023 17:05:21 by "MicrosoftCorporation" with MS VC++ 15.9 (VS2017)

END.
