#
# There is insufficient memory for the Java Runtime Environment to continue.
# Native memory allocation (malloc) failed to allocate 65552 bytes for Chunk::new
# Possible reasons:
#   The system is out of physical RAM or swap space
#   The process is running with CompressedOops enabled, and the Java Heap may be blocking the growth of the native heap
# Possible solutions:
#   Reduce memory load on the system
#   Increase physical memory or swap space
#   Check if swap backing store is full
#   Decrease Java heap size (-Xmx/-Xms)
#   Decrease number of Java threads
#   Decrease Java thread stack sizes (-Xss)
#   Set larger code cache with -XX:ReservedCodeCacheSize=
#   JVM is running with Unscaled Compressed Oops mode in which the Java heap is
#     placed in the first 4GB address space. The Java Heap base address is the
#     maximum limit for the native heap growth. Please use -XX:HeapBaseMinAddress
#     to set the Java Heap base and to place the Java Heap above 4GB virtual address.
# This output file may be truncated or incomplete.
#
#  Out of Memory Error (arena.cpp:197), pid=16328, tid=15472
#
# JRE version: OpenJDK Runtime Environment Microsoft-8035250 (11.0.20+8) (build 11.0.20+8-LTS)
# Java VM: OpenJDK 64-Bit Server VM Microsoft-8035250 (11.0.20+8-LTS, mixed mode, tiered, compressed oops, g1 gc, windows-amd64)
# No core dump will be written. Minidumps are not enabled by default on client versions of Windows
#

---------------  S U M M A R Y ------------

Command Line: -Xmx64m -Xms64m -Dorg.gradle.appname=gradlew org.gradle.wrapper.GradleWrapperMain tasks

Host: Intel(R) Core(TM) i5-4570 CPU @ 3.20GHz, 4 cores, 7G,  Windows 10 , 64 bit Build 19041 (10.0.19041.3393)
Time: Wed Sep 20 17:20:09 2023 Pacific Daylight Time elapsed time: 7.517886 seconds (0d 0h 0m 7s)

---------------  T H R E A D  ---------------

Current thread (0x000001c41c184800):  JavaThread "C2 CompilerThread0" daemon [_thread_in_native, id=15472, stack(0x000000c207c00000,0x000000c207d00000)]


Current CompileTask:
C2:   7517 1141       4       java.util.HashSet::add (20 bytes)

Stack: [0x000000c207c00000,0x000000c207d00000]
Native frames: (J=compiled Java code, j=interpreted, Vv=VM code, C=native code)
V  [jvm.dll+0x62e9da]
V  [jvm.dll+0x7bc4e9]
V  [jvm.dll+0x7bdbd8]
V  [jvm.dll+0x7be2b3]
V  [jvm.dll+0x2505a8]
V  [jvm.dll+0xc263c]
V  [jvm.dll+0xc2bfc]
V  [jvm.dll+0xc274b]
V  [jvm.dll+0x60c2ff]
V  [jvm.dll+0x707375]
V  [jvm.dll+0x7075b7]
V  [jvm.dll+0x7072ba]
V  [jvm.dll+0x7070e7]
V  [jvm.dll+0x546b68]
V  [jvm.dll+0x537160]
V  [jvm.dll+0x209056]
V  [jvm.dll+0x20b0c7]
V  [jvm.dll+0x20881b]
V  [jvm.dll+0x18a7de]
V  [jvm.dll+0x2181ec]
V  [jvm.dll+0x21642b]
V  [jvm.dll+0x77efc0]
V  [jvm.dll+0x777db4]
V  [jvm.dll+0x62d845]
C  [ucrtbase.dll+0x21bb2]
C  [KERNEL32.DLL+0x17344]
C  [ntdll.dll+0x526b1]


---------------  P R O C E S S  ---------------

Threads class SMR info:
_java_thread_list=0x000001c41d88bda0, length=11, elements={
0x000001c47faf4800, 0x000001c41c121000, 0x000001c41c122000, 0x000001c41c17d800,
0x000001c41c180800, 0x000001c41c181800, 0x000001c41c184800, 0x000001c41c12a800,
0x000001c41c2f3000, 0x000001c41c39f800, 0x000001c41d0f6800
}

Java Threads: ( => current thread )
  0x000001c47faf4800 JavaThread "main" [_thread_in_vm, id=16708, stack(0x000000c207000000,0x000000c207100000)]
  0x000001c41c121000 JavaThread "Reference Handler" daemon [_thread_blocked, id=16876, stack(0x000000c207700000,0x000000c207800000)]
  0x000001c41c122000 JavaThread "Finalizer" daemon [_thread_blocked, id=7040, stack(0x000000c207800000,0x000000c207900000)]
  0x000001c41c17d800 JavaThread "Signal Dispatcher" daemon [_thread_blocked, id=17000, stack(0x000000c207900000,0x000000c207a00000)]
  0x000001c41c180800 JavaThread "Attach Listener" daemon [_thread_blocked, id=13024, stack(0x000000c207a00000,0x000000c207b00000)]
  0x000001c41c181800 JavaThread "Service Thread" daemon [_thread_blocked, id=11472, stack(0x000000c207b00000,0x000000c207c00000)]
=>0x000001c41c184800 JavaThread "C2 CompilerThread0" daemon [_thread_in_native, id=15472, stack(0x000000c207c00000,0x000000c207d00000)]
  0x000001c41c12a800 JavaThread "C1 CompilerThread0" daemon [_thread_blocked, id=2784, stack(0x000000c207d00000,0x000000c207e00000)]
  0x000001c41c2f3000 JavaThread "Sweeper thread" daemon [_thread_blocked, id=13308, stack(0x000000c207e00000,0x000000c207f00000)]
  0x000001c41c39f800 JavaThread "Common-Cleaner" daemon [_thread_blocked, id=16008, stack(0x000000c208000000,0x000000c208100000)]
  0x000001c41d0f6800 JavaThread "pool-1-thread-1" [_thread_blocked, id=7656, stack(0x000000c208300000,0x000000c208400000)]

Other Threads:
  0x000001c41c0e8000 VMThread "VM Thread" [stack: 0x000000c207600000,0x000000c207700000] [id=15732]
  0x000001c41c34b800 WatcherThread [stack: 0x000000c207f00000,0x000000c208000000] [id=15576]
  0x000001c47f62e000 GCTaskThread "GC Thread#0" [stack: 0x000000c207100000,0x000000c207200000] [id=3928]
  0x000001c41ca1e800 GCTaskThread "GC Thread#1" [stack: 0x000000c208100000,0x000000c208200000] [id=4420]
  0x000001c47fb0e000 ConcurrentGCThread "G1 Main Marker" [stack: 0x000000c207200000,0x000000c207300000] [id=13756]
  0x000001c47fb10800 ConcurrentGCThread "G1 Conc#0" [stack: 0x000000c207300000,0x000000c207400000] [id=4112]
  0x000001c47fb65000 ConcurrentGCThread "G1 Refine#0" [stack: 0x000000c207400000,0x000000c207500000] [id=16232]
  0x000001c47fb66000 ConcurrentGCThread "G1 Young RemSet Sampling" [stack: 0x000000c207500000,0x000000c207600000] [id=2260]

Threads with active compile tasks:
C2 CompilerThread0     7536 1141       4       java.util.HashSet::add (20 bytes)

VM state:not at safepoint (normal execution)

VM Mutex/Monitor currently owned by a thread:  ([mutex/lock_event])
[0x000001c47faf0150] MetaspaceExpand_lock - owner thread: 0x000001c47faf4800

Heap address: 0x00000000fc000000, size: 64 MB, Compressed Oops mode: 32-bit
Narrow klass base: 0x0000000000000000, Narrow klass shift: 3
Compressed class space size: 1073741824 Address: 0x0000000100000000

Heap:
 garbage-first heap   total 65536K, used 32002K [0x00000000fc000000, 0x0000000100000000)
  region size 1024K, 28 young (28672K), 2 survivors (2048K)
 Metaspace       used 14572K, capacity 14813K, committed 14848K, reserved 1062912K
  class space    used 1642K, capacity 1771K, committed 1792K, reserved 1048576K
Heap Regions: E=young(eden), S=young(survivor), O=old, HS=humongous(starts), HC=humongous(continues), CS=collection set, F=free, A=archive, TAMS=top-at-mark-start (previous, next)
|   0|0x00000000fc000000, 0x00000000fc100000, 0x00000000fc100000|100%| O|  |TAMS 0x00000000fc000000, 0x00000000fc000000| Untracked 
|   1|0x00000000fc100000, 0x00000000fc140a00, 0x00000000fc200000| 25%| O|  |TAMS 0x00000000fc100000, 0x00000000fc100000| Untracked 
|   2|0x00000000fc200000, 0x00000000fc300000, 0x00000000fc300000|100%|HS|  |TAMS 0x00000000fc200000, 0x00000000fc200000| Complete 
|   3|0x00000000fc300000, 0x00000000fc400000, 0x00000000fc400000|100%|HC|  |TAMS 0x00000000fc300000, 0x00000000fc300000| Complete 
|   4|0x00000000fc400000, 0x00000000fc500000, 0x00000000fc500000|100%|HC|  |TAMS 0x00000000fc400000, 0x00000000fc400000| Complete 
|   5|0x00000000fc500000, 0x00000000fc600000, 0x00000000fc600000|100%|HC|  |TAMS 0x00000000fc500000, 0x00000000fc500000| Complete 
|   6|0x00000000fc600000, 0x00000000fc600000, 0x00000000fc700000|  0%| F|  |TAMS 0x00000000fc600000, 0x00000000fc600000| Untracked 
|   7|0x00000000fc700000, 0x00000000fc700000, 0x00000000fc800000|  0%| F|  |TAMS 0x00000000fc700000, 0x00000000fc700000| Untracked 
|   8|0x00000000fc800000, 0x00000000fc800000, 0x00000000fc900000|  0%| F|  |TAMS 0x00000000fc800000, 0x00000000fc800000| Untracked 
|   9|0x00000000fc900000, 0x00000000fc900000, 0x00000000fca00000|  0%| F|  |TAMS 0x00000000fc900000, 0x00000000fc900000| Untracked 
|  10|0x00000000fca00000, 0x00000000fca00000, 0x00000000fcb00000|  0%| F|  |TAMS 0x00000000fca00000, 0x00000000fca00000| Untracked 
|  11|0x00000000fcb00000, 0x00000000fcb00000, 0x00000000fcc00000|  0%| F|  |TAMS 0x00000000fcb00000, 0x00000000fcb00000| Untracked 
|  12|0x00000000fcc00000, 0x00000000fcc00000, 0x00000000fcd00000|  0%| F|  |TAMS 0x00000000fcc00000, 0x00000000fcc00000| Untracked 
|  13|0x00000000fcd00000, 0x00000000fcd00000, 0x00000000fce00000|  0%| F|  |TAMS 0x00000000fcd00000, 0x00000000fcd00000| Untracked 
|  14|0x00000000fce00000, 0x00000000fce00000, 0x00000000fcf00000|  0%| F|  |TAMS 0x00000000fce00000, 0x00000000fce00000| Untracked 
|  15|0x00000000fcf00000, 0x00000000fcf00000, 0x00000000fd000000|  0%| F|  |TAMS 0x00000000fcf00000, 0x00000000fcf00000| Untracked 
|  16|0x00000000fd000000, 0x00000000fd000000, 0x00000000fd100000|  0%| F|  |TAMS 0x00000000fd000000, 0x00000000fd000000| Untracked 
|  17|0x00000000fd100000, 0x00000000fd100000, 0x00000000fd200000|  0%| F|  |TAMS 0x00000000fd100000, 0x00000000fd100000| Untracked 
|  18|0x00000000fd200000, 0x00000000fd200000, 0x00000000fd300000|  0%| F|  |TAMS 0x00000000fd200000, 0x00000000fd200000| Untracked 
|  19|0x00000000fd300000, 0x00000000fd300000, 0x00000000fd400000|  0%| F|  |TAMS 0x00000000fd300000, 0x00000000fd300000| Untracked 
|  20|0x00000000fd400000, 0x00000000fd400000, 0x00000000fd500000|  0%| F|  |TAMS 0x00000000fd400000, 0x00000000fd400000| Untracked 
|  21|0x00000000fd500000, 0x00000000fd500000, 0x00000000fd600000|  0%| F|  |TAMS 0x00000000fd500000, 0x00000000fd500000| Untracked 
|  22|0x00000000fd600000, 0x00000000fd600000, 0x00000000fd700000|  0%| F|  |TAMS 0x00000000fd600000, 0x00000000fd600000| Untracked 
|  23|0x00000000fd700000, 0x00000000fd700000, 0x00000000fd800000|  0%| F|  |TAMS 0x00000000fd700000, 0x00000000fd700000| Untracked 
|  24|0x00000000fd800000, 0x00000000fd800000, 0x00000000fd900000|  0%| F|  |TAMS 0x00000000fd800000, 0x00000000fd800000| Untracked 
|  25|0x00000000fd900000, 0x00000000fd900000, 0x00000000fda00000|  0%| F|  |TAMS 0x00000000fd900000, 0x00000000fd900000| Untracked 
|  26|0x00000000fda00000, 0x00000000fda00000, 0x00000000fdb00000|  0%| F|  |TAMS 0x00000000fda00000, 0x00000000fda00000| Untracked 
|  27|0x00000000fdb00000, 0x00000000fdb00000, 0x00000000fdc00000|  0%| F|  |TAMS 0x00000000fdb00000, 0x00000000fdb00000| Untracked 
|  28|0x00000000fdc00000, 0x00000000fdc00000, 0x00000000fdd00000|  0%| F|  |TAMS 0x00000000fdc00000, 0x00000000fdc00000| Untracked 
|  29|0x00000000fdd00000, 0x00000000fdd00000, 0x00000000fde00000|  0%| F|  |TAMS 0x00000000fdd00000, 0x00000000fdd00000| Untracked 
|  30|0x00000000fde00000, 0x00000000fde00000, 0x00000000fdf00000|  0%| F|  |TAMS 0x00000000fde00000, 0x00000000fde00000| Untracked 
|  31|0x00000000fdf00000, 0x00000000fdf00000, 0x00000000fe000000|  0%| F|  |TAMS 0x00000000fdf00000, 0x00000000fdf00000| Untracked 
|  32|0x00000000fe000000, 0x00000000fe000000, 0x00000000fe100000|  0%| F|  |TAMS 0x00000000fe000000, 0x00000000fe000000| Untracked 
|  33|0x00000000fe100000, 0x00000000fe100000, 0x00000000fe200000|  0%| F|  |TAMS 0x00000000fe100000, 0x00000000fe100000| Untracked 
|  34|0x00000000fe200000, 0x00000000fe200000, 0x00000000fe300000|  0%| F|  |TAMS 0x00000000fe200000, 0x00000000fe200000| Untracked 
|  35|0x00000000fe300000, 0x00000000fe300000, 0x00000000fe400000|  0%| F|  |TAMS 0x00000000fe300000, 0x00000000fe300000| Untracked 
|  36|0x00000000fe400000, 0x00000000fe500000, 0x00000000fe500000|100%| E|  |TAMS 0x00000000fe400000, 0x00000000fe400000| Complete 
|  37|0x00000000fe500000, 0x00000000fe600000, 0x00000000fe600000|100%| E|CS|TAMS 0x00000000fe500000, 0x00000000fe500000| Complete 
|  38|0x00000000fe600000, 0x00000000fe700000, 0x00000000fe700000|100%| E|CS|TAMS 0x00000000fe600000, 0x00000000fe600000| Complete 
|  39|0x00000000fe700000, 0x00000000fe800000, 0x00000000fe800000|100%| E|CS|TAMS 0x00000000fe700000, 0x00000000fe700000| Complete 
|  40|0x00000000fe800000, 0x00000000fe900000, 0x00000000fe900000|100%| E|CS|TAMS 0x00000000fe800000, 0x00000000fe800000| Complete 
|  41|0x00000000fe900000, 0x00000000fea00000, 0x00000000fea00000|100%| E|CS|TAMS 0x00000000fe900000, 0x00000000fe900000| Complete 
|  42|0x00000000fea00000, 0x00000000feb00000, 0x00000000feb00000|100%| E|CS|TAMS 0x00000000fea00000, 0x00000000fea00000| Complete 
|  43|0x00000000feb00000, 0x00000000fec00000, 0x00000000fec00000|100%| E|CS|TAMS 0x00000000feb00000, 0x00000000feb00000| Complete 
|  44|0x00000000fec00000, 0x00000000fed00000, 0x00000000fed00000|100%| E|CS|TAMS 0x00000000fec00000, 0x00000000fec00000| Complete 
|  45|0x00000000fed00000, 0x00000000fee00000, 0x00000000fee00000|100%| E|CS|TAMS 0x00000000fed00000, 0x00000000fed00000| Complete 
|  46|0x00000000fee00000, 0x00000000fef00000, 0x00000000fef00000|100%| E|CS|TAMS 0x00000000fee00000, 0x00000000fee00000| Complete 
|  47|0x00000000fef00000, 0x00000000ff000000, 0x00000000ff000000|100%| E|CS|TAMS 0x00000000fef00000, 0x00000000fef00000| Complete 
|  48|0x00000000ff000000, 0x00000000ff100000, 0x00000000ff100000|100%| S|CS|TAMS 0x00000000ff000000, 0x00000000ff000000| Complete 
|  49|0x00000000ff100000, 0x00000000ff200000, 0x00000000ff200000|100%| S|CS|TAMS 0x00000000ff100000, 0x00000000ff100000| Complete 
|  50|0x00000000ff200000, 0x00000000ff300000, 0x00000000ff300000|100%| E|CS|TAMS 0x00000000ff200000, 0x00000000ff200000| Complete 
|  51|0x00000000ff300000, 0x00000000ff400000, 0x00000000ff400000|100%| E|CS|TAMS 0x00000000ff300000, 0x00000000ff300000| Complete 
|  52|0x00000000ff400000, 0x00000000ff500000, 0x00000000ff500000|100%| E|CS|TAMS 0x00000000ff400000, 0x00000000ff400000| Complete 
|  53|0x00000000ff500000, 0x00000000ff600000, 0x00000000ff600000|100%| E|CS|TAMS 0x00000000ff500000, 0x00000000ff500000| Complete 
|  54|0x00000000ff600000, 0x00000000ff700000, 0x00000000ff700000|100%| E|CS|TAMS 0x00000000ff600000, 0x00000000ff600000| Complete 
|  55|0x00000000ff700000, 0x00000000ff800000, 0x00000000ff800000|100%| E|CS|TAMS 0x00000000ff700000, 0x00000000ff700000| Complete 
|  56|0x00000000ff800000, 0x00000000ff900000, 0x00000000ff900000|100%| E|CS|TAMS 0x00000000ff800000, 0x00000000ff800000| Complete 
|  57|0x00000000ff900000, 0x00000000ffa00000, 0x00000000ffa00000|100%| E|CS|TAMS 0x00000000ff900000, 0x00000000ff900000| Complete 
|  58|0x00000000ffa00000, 0x00000000ffb00000, 0x00000000ffb00000|100%| E|CS|TAMS 0x00000000ffa00000, 0x00000000ffa00000| Complete 
|  59|0x00000000ffb00000, 0x00000000ffc00000, 0x00000000ffc00000|100%| E|CS|TAMS 0x00000000ffb00000, 0x00000000ffb00000| Complete 
|  60|0x00000000ffc00000, 0x00000000ffd00000, 0x00000000ffd00000|100%| E|CS|TAMS 0x00000000ffc00000, 0x00000000ffc00000| Complete 
|  61|0x00000000ffd00000, 0x00000000ffe00000, 0x00000000ffe00000|100%| E|  |TAMS 0x00000000ffd00000, 0x00000000ffd00000| Complete 
|  62|0x00000000ffe00000, 0x00000000fff00000, 0x00000000fff00000|100%| E|CS|TAMS 0x00000000ffe00000, 0x00000000ffe00000| Complete 
|  63|0x00000000fff00000, 0x0000000100000000, 0x0000000100000000|100%| E|CS|TAMS 0x00000000fff00000, 0x00000000fff00000| Complete 

Card table byte_map: [0x000001c419120000,0x000001c419140000] _byte_map_base: 0x000001c418940000

Marking Bits (Prev, Next): (CMBitMap*) 0x000001c47fb0cdc8, (CMBitMap*) 0x000001c47fb0ce00
 Prev Bits: [0x000001c419160000, 0x000001c419260000)
 Next Bits: [0x000001c419260000, 0x000001c419360000)

Polling page: 0x000001c401410000

Metaspace:

Usage:
  Non-class:     12.74 MB capacity,    12.63 MB (>99%) used,    91.15 KB ( <1%) free+waste,    20.50 KB ( <1%) overhead. 
      Class:      1.73 MB capacity,     1.60 MB ( 93%) used,   118.67 KB (  7%) free+waste,    10.13 KB ( <1%) overhead. 
       Both:     14.47 MB capacity,    14.23 MB ( 98%) used,   209.82 KB (  1%) free+waste,    30.63 KB ( <1%) overhead. 

Virtual space:
  Non-class space:       14.00 MB reserved,      12.75 MB ( 91%) committed 
      Class space:        1.00 GB reserved,       1.75 MB ( <1%) committed 
             Both:        1.01 GB reserved,      14.50 MB (  1%) committed 

Chunk freelists:
   Non-Class:  14.00 KB
       Class:  21.00 KB
        Both:  35.00 KB

MaxMetaspaceSize: 17179869184.00 GB
CompressedClassSpaceSize: 1.00 GB
Initial GC threshold: 20.80 MB
Current GC threshold: 20.80 MB
CDS: off

CodeHeap 'non-profiled nmethods': size=120064Kb used=458Kb max_used=458Kb free=119605Kb
 bounds [0x000001c411590000, 0x000001c411800000, 0x000001c418ad0000]
CodeHeap 'profiled nmethods': size=120000Kb used=2171Kb max_used=2171Kb free=117828Kb
 bounds [0x000001c40a060000, 0x000001c40a2d0000, 0x000001c411590000]
CodeHeap 'non-nmethods': size=5696Kb used=1147Kb max_used=1160Kb free=4548Kb
 bounds [0x000001c409ad0000, 0x000001c409d40000, 0x000001c40a060000]
 total_blobs=1531 nmethods=1123 adapters=321
 compilation: enabled
              stopped_count=0, restarted_count=0
 full_count=0

Compilation events (20 events):
Event: 7.502 Thread 0x000001c41c12a800 nmethod 1135 0x000001c40a276890 code [0x000001c40a276a40, 0x000001c40a276c08]
Event: 7.502 Thread 0x000001c41c12a800 1136       3       sun.util.calendar.ZoneInfoFile$Checksum::update (39 bytes)
Event: 7.502 Thread 0x000001c41c12a800 nmethod 1136 0x000001c40a276d10 code [0x000001c40a276ee0, 0x000001c40a277248]
Event: 7.504 Thread 0x000001c41c12a800 1137       3       sun.util.locale.LocaleUtils::isUpper (18 bytes)
Event: 7.505 Thread 0x000001c41c12a800 nmethod 1137 0x000001c40a277390 code [0x000001c40a277540, 0x000001c40a2776b8]
Event: 7.505 Thread 0x000001c41c184800 1138   !   4       java.nio.DirectByteBuffer::get (28 bytes)
Event: 7.506 Thread 0x000001c41c12a800 1139   !   3       java.util.concurrent.ConcurrentHashMap::putVal (432 bytes)
Event: 7.506 Thread 0x000001c41c184800 nmethod 1138 0x000001c411602790 code [0x000001c411602920, 0x000001c4116029b8]
Event: 7.507 Thread 0x000001c41c184800 1141       4       java.util.HashSet::add (20 bytes)
Event: 7.507 Thread 0x000001c41c12a800 nmethod 1139 0x000001c40a277790 code [0x000001c40a277b20, 0x000001c40a279c58]
Event: 7.507 Thread 0x000001c41c12a800 1143       3       java.util.StringTokenizer::scanToken (179 bytes)
Event: 7.509 Thread 0x000001c41c12a800 nmethod 1143 0x000001c40a27a710 code [0x000001c40a27aaa0, 0x000001c40a27c098]
Event: 7.509 Thread 0x000001c41c12a800 1142       3       java.util.StringTokenizer::skipDelimiters (116 bytes)
Event: 7.509 Thread 0x000001c41c12a800 nmethod 1142 0x000001c40a27c890 code [0x000001c40a27cb40, 0x000001c40a27d868]
Event: 7.509 Thread 0x000001c41c12a800 1144       3       java.util.StringTokenizer::hasMoreTokens (29 bytes)
Event: 7.510 Thread 0x000001c41c12a800 nmethod 1144 0x000001c40a27dd10 code [0x000001c40a27dec0, 0x000001c40a27e068]
Event: 7.510 Thread 0x000001c41c12a800 1145       3       java.util.StringTokenizer::nextToken (92 bytes)
Event: 7.510 Thread 0x000001c41c12a800 nmethod 1145 0x000001c40a27e110 code [0x000001c40a27e300, 0x000001c40a27e678]
Event: 7.510 Thread 0x000001c41c12a800 1140       3       jdk.internal.org.objectweb.asm.MethodVisitor::<init> (35 bytes)
Event: 7.510 Thread 0x000001c41c12a800 nmethod 1140 0x000001c40a27e810 code [0x000001c40a27e9e0, 0x000001c40a27ecc8]

GC Heap History (2 events):
Event: 2.889 GC heap before
{Heap before GC invocations=0 (full 0):
 garbage-first heap   total 65536K, used 13312K [0x00000000fc000000, 0x0000000100000000)
  region size 1024K, 14 young (14336K), 0 survivors (0K)
 Metaspace       used 7708K, capacity 7953K, committed 8192K, reserved 1056768K
  class space    used 675K, capacity 754K, committed 768K, reserved 1048576K
}
Event: 3.080 GC heap after
{Heap after GC invocations=1 (full 0):
 garbage-first heap   total 65536K, used 3330K [0x00000000fc000000, 0x0000000100000000)
  region size 1024K, 2 young (2048K), 2 survivors (2048K)
 Metaspace       used 7708K, capacity 7953K, committed 8192K, reserved 1056768K
  class space    used 675K, capacity 754K, committed 768K, reserved 1048576K
}

Deoptimization events (20 events):
Event: 5.244 Thread 0x000001c47faf4800 Uncommon trap: trap_request=0xffffff4d fr.pc=0x000001c4115ee860 relative=0x00000000000001a0
Event: 5.244 Thread 0x000001c47faf4800 Uncommon trap: reason=unstable_if action=reinterpret pc=0x000001c4115ee860 method=java.util.HashMap.getNode(ILjava/lang/Object;)Ljava/util/HashMap$Node; @ 129 c2
Event: 5.244 Thread 0x000001c47faf4800 DEOPT PACKING pc=0x000001c4115ee860 sp=0x000000c2070fa300
Event: 5.244 Thread 0x000001c47faf4800 DEOPT UNPACKING pc=0x000001c409b1a1af sp=0x000000c2070fa200 mode 2
Event: 6.348 Thread 0x000001c47faf4800 Uncommon trap: trap_request=0xffffff4d fr.pc=0x000001c4115e3b2c relative=0x0000000000001a4c
Event: 6.348 Thread 0x000001c47faf4800 Uncommon trap: reason=unstable_if action=reinterpret pc=0x000001c4115e3b2c method=java.io.WinNTFileSystem.normalize(Ljava/lang/String;)Ljava/lang/String; @ 128 c2
Event: 6.348 Thread 0x000001c47faf4800 DEOPT PACKING pc=0x000001c4115e3b2c sp=0x000000c2070f9da0
Event: 6.348 Thread 0x000001c47faf4800 DEOPT UNPACKING pc=0x000001c409b1a1af sp=0x000000c2070f9d78 mode 2
Event: 7.476 Thread 0x000001c47faf4800 Uncommon trap: trap_request=0xffffff4d fr.pc=0x000001c4115c3588 relative=0x0000000000000548
Event: 7.476 Thread 0x000001c47faf4800 Uncommon trap: reason=unstable_if action=reinterpret pc=0x000001c4115c3588 method=java.lang.AbstractStringBuilder.append(Ljava/lang/String;)Ljava/lang/AbstractStringBuilder; @ 1 c2
Event: 7.477 Thread 0x000001c47faf4800 DEOPT PACKING pc=0x000001c4115c3588 sp=0x000000c2070fc2e0
Event: 7.477 Thread 0x000001c47faf4800 DEOPT UNPACKING pc=0x000001c409b1a1af sp=0x000000c2070fc260 mode 2
Event: 7.478 Thread 0x000001c47faf4800 Uncommon trap: trap_request=0xffffff4d fr.pc=0x000001c4115d60dc relative=0x000000000000051c
Event: 7.478 Thread 0x000001c47faf4800 Uncommon trap: reason=unstable_if action=reinterpret pc=0x000001c4115d60dc method=java.lang.AbstractStringBuilder.append(Ljava/lang/String;)Ljava/lang/AbstractStringBuilder; @ 1 c2
Event: 7.478 Thread 0x000001c47faf4800 DEOPT PACKING pc=0x000001c4115d60dc sp=0x000000c2070fc280
Event: 7.478 Thread 0x000001c47faf4800 DEOPT UNPACKING pc=0x000001c409b1a1af sp=0x000000c2070fc268 mode 2
Event: 7.502 Thread 0x000001c47faf4800 Uncommon trap: trap_request=0xffffff4d fr.pc=0x000001c4115f56c4 relative=0x0000000000001084
Event: 7.502 Thread 0x000001c47faf4800 Uncommon trap: reason=unstable_if action=reinterpret pc=0x000001c4115f56c4 method=java.util.concurrent.ConcurrentHashMap.putVal(Ljava/lang/Object;Ljava/lang/Object;Z)Ljava/lang/Object; @ 256 c2
Event: 7.502 Thread 0x000001c47faf4800 DEOPT PACKING pc=0x000001c4115f56c4 sp=0x000000c2070fc210
Event: 7.502 Thread 0x000001c47faf4800 DEOPT UNPACKING pc=0x000001c409b1a1af sp=0x000000c2070fc198 mode 2

Classes redefined (0 events):
No events

Internal exceptions (13 events):
Event: 0.853 Thread 0x000001c47faf4800 Exception <a 'java/lang/NoSuchMethodError'{0x00000000ffc69f40}: 'int java.lang.invoke.DirectMethodHandle$Holder.invokeStaticInit(java.lang.Object, java.lang.Object)'> (0x00000000ffc69f40) thrown at [s\src\hotspot\share\interpreter\linkResolver.cpp, line 773]
Event: 0.949 Thread 0x000001c47faf4800 Exception <a 'java/lang/NoSuchMethodError'{0x00000000ffb3f450}: 'int java.lang.invoke.DirectMethodHandle$Holder.invokeSpecial(java.lang.Object, java.lang.Object, java.lang.Object, java.lang.Object)'> (0x00000000ffb3f450) thrown at [s\src\hotspot\share\interpreter\linkResolver.cpp, line 773]
Event: 0.956 Thread 0x000001c47faf4800 Exception <a 'java/lang/NoSuchMethodError'{0x00000000ffb77cf0}: 'int java.lang.invoke.DirectMethodHandle$Holder.invokeSpecialIFC(java.lang.Object, java.lang.Object, int)'> (0x00000000ffb77cf0) thrown at [s\src\hotspot\share\interpreter\linkResolver.cpp, line 773]
Event: 4.691 Thread 0x000001c47faf4800 Exception <a 'java/lang/NoClassDefFoundError'{0x00000000ff681228}: org/slf4j/impl/StaticMarkerBinder> (0x00000000ff681228) thrown at [s\src\hotspot\share\classfile\systemDictionary.cpp, line 219]
Event: 4.717 Thread 0x000001c47faf4800 Exception <a 'java/lang/NoSuchMethodError'{0x00000000ff582bf0}: 'java.lang.Object java.lang.invoke.DirectMethodHandle$Holder.invokeVirtual(java.lang.Object, java.lang.Object, java.lang.Object, java.lang.Object, java.lang.Object, java.lang.Object, java.lang.Object)'> (0x00000000ff582bf0) thrown at [s\src\hotspot\share\interpreter\linkResolver.cpp, line 773]
Event: 4.719 Thread 0x000001c47faf4800 Exception <a 'java/lang/NoSuchMethodError'{0x00000000ff596de0}: 'java.lang.Object java.lang.invoke.Invokers$Holder.invoker(java.lang.Object, java.lang.Object, java.lang.Object)'> (0x00000000ff596de0) thrown at [s\src\hotspot\share\interpreter\linkResolver.cpp, line 773]
Event: 4.722 Thread 0x000001c47faf4800 Exception <a 'java/lang/NoSuchMethodError'{0x00000000ff5a7a60}: 'void java.lang.invoke.DelegatingMethodHandle$Holder.delegate(java.lang.Object, java.lang.Object, int, java.lang.Object)'> (0x00000000ff5a7a60) thrown at [s\src\hotspot\share\interpreter\linkResolver.cpp, line 773]
Event: 5.008 Thread 0x000001c47faf4800 Exception <a 'java/lang/NoSuchMethodError'{0x00000000fea6a8f8}: 'java.lang.Object java.lang.invoke.DirectMethodHandle$Holder.invokeStaticInit(java.lang.Object, java.lang.Object, java.lang.Object)'> (0x00000000fea6a8f8) thrown at [s\src\hotspot\share\interpreter\linkResolver.cpp, line 773]
Event: 5.266 Thread 0x000001c47faf4800 Exception <a 'java/lang/NoSuchMethodError'{0x00000000fe567080}: 'java.lang.Object java.lang.invoke.DirectMethodHandle$Holder.invokeStaticInit(java.lang.Object, int, int, int, int)'> (0x00000000fe567080) thrown at [s\src\hotspot\share\interpreter\linkResolver.cpp, line 773]
Event: 6.352 Thread 0x000001c47faf4800 Exception <a 'java/lang/NoSuchMethodError'{0x00000000fe586c18}: 'java.lang.Object java.lang.invoke.DirectMethodHandle$Holder.invokeStaticInit(java.lang.Object, java.lang.Object, int, int, int, int)'> (0x00000000fe586c18) thrown at [s\src\hotspot\share\interpreter\linkResolver.cpp, line 773]
Event: 7.474 Thread 0x000001c47faf4800 Exception <a 'java/lang/NoSuchMethodError'{0x00000000fe456f10}: 'void java.lang.invoke.DirectMethodHandle$Holder.invokeSpecial(java.lang.Object, java.lang.Object)'> (0x00000000fe456f10) thrown at [s\src\hotspot\share\interpreter\linkResolver.cpp, line 773]
Event: 7.476 Thread 0x000001c47faf4800 Implicit null exception at 0x000001c4115c3074 to 0x000001c4115c3570
Event: 7.478 Thread 0x000001c47faf4800 Implicit null exception at 0x000001c4115d5bf4 to 0x000001c4115d60c4

Events (20 events):
Event: 7.504 loading class sun/util/locale/ParseStatus done
Event: 7.504 loading class sun/util/locale/StringTokenIterator
Event: 7.504 loading class sun/util/locale/StringTokenIterator done
Event: 7.505 loading class sun/util/cldr/CLDRLocaleProviderAdapter$1
Event: 7.505 loading class sun/util/cldr/CLDRLocaleProviderAdapter$1 done
Event: 7.505 loading class jdk/internal/module/ModulePatcher$PatchedModuleReader
Event: 7.505 loading class jdk/internal/module/ModulePatcher$PatchedModuleReader done
Event: 7.506 loading class sun/util/locale/provider/CalendarProviderImpl
Event: 7.506 loading class sun/util/locale/provider/AvailableLanguageTags
Event: 7.506 loading class sun/util/locale/provider/AvailableLanguageTags done
Event: 7.507 loading class sun/util/locale/provider/CalendarProviderImpl done
Event: 7.508 loading class java/util/Calendar$Builder
Event: 7.508 loading class java/util/Calendar$Builder done
Event: 7.508 loading class java/util/GregorianCalendar
Event: 7.508 loading class java/util/GregorianCalendar done
Event: 7.508 loading class sun/util/locale/provider/CalendarDataUtility
Event: 7.508 loading class sun/util/locale/provider/CalendarDataUtility done
Event: 7.509 loading class java/util/spi/CalendarDataProvider
Event: 7.509 loading class java/util/spi/CalendarDataProvider done
Event: 7.509 loading class sun/util/locale/provider/LocaleServiceProviderPool


Dynamic libraries:
0x00007ff75dfa0000 - 0x00007ff75dfad000 	C:\Program Files\Microsoft\jdk-11.0.20.8-hotspot\bin\java.exe
0x00007fff7ba90000 - 0x00007fff7bc88000 	C:\Windows\SYSTEM32\ntdll.dll
0x00007fff7b990000 - 0x00007fff7ba4d000 	C:\Windows\System32\KERNEL32.DLL
0x00007fff79300000 - 0x00007fff795f6000 	C:\Windows\System32\KERNELBASE.dll
0x00007fff79860000 - 0x00007fff79960000 	C:\Windows\System32\ucrtbase.dll
0x00007fff6cbf0000 - 0x00007fff6cc07000 	C:\Program Files\Microsoft\jdk-11.0.20.8-hotspot\bin\jli.dll
0x00007fff7b7f0000 - 0x00007fff7b98e000 	C:\Windows\System32\USER32.dll
0x00007fff79960000 - 0x00007fff79982000 	C:\Windows\System32\win32u.dll
0x00007fff7b020000 - 0x00007fff7b04c000 	C:\Windows\System32\GDI32.dll
0x00007fff79600000 - 0x00007fff7971a000 	C:\Windows\System32\gdi32full.dll
0x00007fff79a00000 - 0x00007fff79a9d000 	C:\Windows\System32\msvcp_win.dll
0x00007fff6cc10000 - 0x00007fff6cc25000 	C:\Program Files\Microsoft\jdk-11.0.20.8-hotspot\bin\VCRUNTIME140.dll
0x00007fff6a660000 - 0x00007fff6a8fa000 	C:\Windows\WinSxS\amd64_microsoft.windows.common-controls_6595b64144ccf1df_6.0.19041.1110_none_60b5254171f9507e\COMCTL32.dll
0x00007fff7b160000 - 0x00007fff7b1fe000 	C:\Windows\System32\msvcrt.dll
0x00007fff79df0000 - 0x00007fff79e20000 	C:\Windows\System32\IMM32.DLL
0x00007fff6c580000 - 0x00007fff6c61b000 	C:\Program Files\Microsoft\jdk-11.0.20.8-hotspot\bin\msvcp140.dll
0x00007fff28b90000 - 0x00007fff29726000 	C:\Program Files\Microsoft\jdk-11.0.20.8-hotspot\bin\server\jvm.dll
0x00007fff7b0b0000 - 0x00007fff7b15e000 	C:\Windows\System32\ADVAPI32.dll
0x00007fff7b280000 - 0x00007fff7b31c000 	C:\Windows\System32\sechost.dll
0x00007fff79be0000 - 0x00007fff79d06000 	C:\Windows\System32\RPCRT4.dll
0x00007fff79e20000 - 0x00007fff79e28000 	C:\Windows\System32\PSAPI.DLL
0x00007fff6cbe0000 - 0x00007fff6cbe9000 	C:\Windows\SYSTEM32\WSOCK32.dll
0x00007fff7a6b0000 - 0x00007fff7a71b000 	C:\Windows\System32\WS2_32.dll
0x00007fff6a070000 - 0x00007fff6a097000 	C:\Windows\SYSTEM32\WINMM.dll
0x00007fff76f70000 - 0x00007fff76f7a000 	C:\Windows\SYSTEM32\VERSION.dll
0x00007fff77970000 - 0x00007fff77982000 	C:\Windows\SYSTEM32\kernel.appcore.dll
0x00007fff6c9c0000 - 0x00007fff6c9d0000 	C:\Program Files\Microsoft\jdk-11.0.20.8-hotspot\bin\verify.dll
0x00007fff6a0f0000 - 0x00007fff6a2d4000 	C:\Windows\SYSTEM32\DBGHELP.DLL
0x00007fff6a020000 - 0x00007fff6a054000 	C:\Windows\SYSTEM32\dbgcore.DLL
0x00007fff797d0000 - 0x00007fff79852000 	C:\Windows\System32\bcryptPrimitives.dll
0x00007fff6c190000 - 0x00007fff6c1b8000 	C:\Program Files\Microsoft\jdk-11.0.20.8-hotspot\bin\java.dll
0x00007fff6c9b0000 - 0x00007fff6c9ba000 	C:\Program Files\Microsoft\jdk-11.0.20.8-hotspot\bin\jimage.dll
0x00007fff6b9c0000 - 0x00007fff6b9d8000 	C:\Program Files\Microsoft\jdk-11.0.20.8-hotspot\bin\zip.dll
0x00007fff7a720000 - 0x00007fff7ae65000 	C:\Windows\System32\SHELL32.dll
0x00007fff771c0000 - 0x00007fff7795b000 	C:\Windows\SYSTEM32\windows.storage.dll
0x00007fff7a2f0000 - 0x00007fff7a644000 	C:\Windows\System32\combase.dll
0x00007fff78a00000 - 0x00007fff78a2e000 	C:\Windows\SYSTEM32\Wldp.dll
0x00007fff7a120000 - 0x00007fff7a1cd000 	C:\Windows\System32\SHCORE.dll
0x00007fff79af0000 - 0x00007fff79b45000 	C:\Windows\System32\shlwapi.dll
0x00007fff790a0000 - 0x00007fff790c5000 	C:\Windows\SYSTEM32\profapi.dll
0x00007fff688b0000 - 0x00007fff688c9000 	C:\Program Files\Microsoft\jdk-11.0.20.8-hotspot\bin\net.dll
0x00007fff6fe20000 - 0x00007fff6ff2a000 	C:\Windows\SYSTEM32\WINHTTP.dll
0x00007fff787e0000 - 0x00007fff7884a000 	C:\Windows\system32\mswsock.dll
0x00007fff68890000 - 0x00007fff688a3000 	C:\Program Files\Microsoft\jdk-11.0.20.8-hotspot\bin\nio.dll
0x00007fff67200000 - 0x00007fff67227000 	C:\Users\Zubair\.gradle\native\68d5fa5c4cc2d200863cafc0d521ce42e7d3e7ee720ec0a83991735586a16f82\windows-amd64\native-platform.dll
0x00007fff6c9a0000 - 0x00007fff6c9a9000 	C:\Program Files\Microsoft\jdk-11.0.20.8-hotspot\bin\management.dll
0x00007fff6c180000 - 0x00007fff6c18b000 	C:\Program Files\Microsoft\jdk-11.0.20.8-hotspot\bin\management_ext.dll
0x00007fff78d40000 - 0x00007fff78d58000 	C:\Windows\SYSTEM32\CRYPTSP.dll
0x00007fff78110000 - 0x00007fff78144000 	C:\Windows\system32\rsaenh.dll
0x00007fff79170000 - 0x00007fff79197000 	C:\Windows\System32\bcrypt.dll
0x00007fff79060000 - 0x00007fff7908e000 	C:\Windows\SYSTEM32\USERENV.dll
0x00007fff78970000 - 0x00007fff7897c000 	C:\Windows\SYSTEM32\CRYPTBASE.dll
0x00007fff784f0000 - 0x00007fff7852b000 	C:\Windows\SYSTEM32\IPHLPAPI.DLL
0x00007fff79f00000 - 0x00007fff79f08000 	C:\Windows\System32\NSI.dll
0x00007fff72460000 - 0x00007fff72477000 	C:\Windows\SYSTEM32\dhcpcsvc6.DLL
0x00007fff72430000 - 0x00007fff7244d000 	C:\Windows\SYSTEM32\dhcpcsvc.DLL
0x00007fff78530000 - 0x00007fff785fa000 	C:\Windows\SYSTEM32\DNSAPI.dll

dbghelp: loaded successfully - version: 4.0.5 - missing functions: none
symbol engine: initialized successfully - sym options: 0x614 - pdb path: .;C:\Program Files\Microsoft\jdk-11.0.20.8-hotspot\bin;C:\Windows\SYSTEM32;C:\Windows\WinSxS\amd64_microsoft.windows.common-controls_6595b64144ccf1df_6.0.19041.1110_none_60b5254171f9507e;C:\Program Files\Microsoft\jdk-11.0.20.8-hotspot\bin\server;C:\Users\Zubair\.gradle\native\68d5fa5c4cc2d200863cafc0d521ce42e7d3e7ee720ec0a83991735586a16f82\windows-amd64

VM Arguments:
jvm_args: -Xmx64m -Xms64m -Dorg.gradle.appname=gradlew 
java_command: org.gradle.wrapper.GradleWrapperMain tasks
java_class_path (initial): C:\Users\Zubair\Desktop\Expo\project\android\\gradle\wrapper\gradle-wrapper.jar
Launcher Type: SUN_STANDARD

[Global flags]
     intx CICompilerCount                          = 3                                         {product} {ergonomic}
     uint ConcGCThreads                            = 1                                         {product} {ergonomic}
     uint G1ConcRefinementThreads                  = 4                                         {product} {ergonomic}
   size_t G1HeapRegionSize                         = 1048576                                   {product} {ergonomic}
    uintx GCDrainStackTargetSize                   = 64                                        {product} {ergonomic}
   size_t InitialHeapSize                          = 67108864                                  {product} {command line}
   size_t MarkStackSize                            = 4194304                                   {product} {ergonomic}
   size_t MaxHeapSize                              = 67108864                                  {product} {command line}
   size_t MaxNewSize                               = 39845888                                  {product} {ergonomic}
   size_t MinHeapDeltaBytes                        = 1048576                                   {product} {ergonomic}
    uintx NonNMethodCodeHeapSize                   = 5830732                                {pd product} {ergonomic}
    uintx NonProfiledCodeHeapSize                  = 122913754                              {pd product} {ergonomic}
    uintx ProfiledCodeHeapSize                     = 122913754                              {pd product} {ergonomic}
    uintx ReservedCodeCacheSize                    = 251658240                              {pd product} {ergonomic}
     bool SegmentedCodeCache                       = true                                      {product} {ergonomic}
     bool UseCompressedClassPointers               = true                                 {lp64_product} {ergonomic}
     bool UseCompressedOops                        = true                                 {lp64_product} {ergonomic}
     bool UseG1GC                                  = true                                      {product} {ergonomic}
     bool UseLargePagesIndividualAllocation        = false                                  {pd product} {ergonomic}

Logging:
Log output configuration:
 #0: stdout all=warning uptime,level,tags
 #1: stderr all=off uptime,level,tags

Environment Variables:
JAVA_HOME=C:\Program Files\Microsoft\jdk-11.0.20.8-hotspot\
CLASSPATH=C:\Users\Zubair\Desktop\Expo\project\android\\gradle\wrapper\gradle-wrapper.jar
PATH=C:\Users\Zubair\Desktop\Expo\project\node_modules\.bin;C:\Users\Zubair\Desktop\Expo\project\node_modules\.bin;C:\Users\Zubair\Desktop\Expo\node_modules\.bin;C:\Users\Zubair\Desktop\node_modules\.bin;C:\Users\Zubair\node_modules\.bin;C:\Users\node_modules\.bin;C:\node_modules\.bin;C:\Program Files\nodejs\node_modules\npm\node_modules\@npmcli\run-script\lib\node-gyp-bin;C:\Users\Zubair\Desktop\Expo\project\node_modules\.bin;C:\Users\Zubair\Desktop\Expo\node_modules\.bin;C:\Users\Zubair\Desktop\node_modules\.bin;C:\Users\Zubair\node_modules\.bin;C:\Users\node_modules\.bin;C:\node_modules\.bin;C:\Program Files\nodejs\node_modules\npm\node_modules\@npmcli\run-script\lib\node-gyp-bin;C:\Program Files\Microsoft\jdk-11.0.20.8-hotspot\bin;C:\Program Files\Eclipse Adoptium\jdk-11.0.20.8-hotspot\bin;C:\Python27\;C:\Python27\Scripts;C:\Python311\Scripts\;C:\Python311\;C:\Windows\system32;C:\Windows;C:\Windows\System32\Wbem;C:\Windows\System32\WindowsPowerShell\v1.0\;C:\Windows\System32\OpenSSH\;C:\Program Files\Microsoft VS Code\bin;C:\ProgramData\chocolatey\bin;C:\Program Files\GitHub CLI\;C:\Program Files\nodejs\;C:\Program Files\gradle-8.3\bin;C:\Program Files\Microsoft\jdk-11.0.20.8-hotspot;C:\Users\Zubair\AppData\Local\Android\Sdk\tools;C:\Users\Zubair\AppData\Local\Microsoft\WindowsApps;C:\Users\Zubair\AppData\Roaming\npm;C:\Users\Zubair\AppData\Local\Android\Sdk;C:\Users\Zubair\AppData\Local\Android\Sdk\build-tools;C:\Users\Zubair\AppData\Local\Android\Sdk\emulator;C:\Users\Zubair\AppData\Local\Android\Sdk\platform-tools;
USERNAME=Zubair
OS=Windows_NT
PROCESSOR_IDENTIFIER=Intel64 Family 6 Model 60 Stepping 3, GenuineIntel
TMP=C:\Users\Zubair\AppData\Local\Temp
TEMP=C:\Users\Zubair\AppData\Local\Temp



---------------  S Y S T E M  ---------------

OS: Windows 10 , 64 bit Build 19041 (10.0.19041.3393)
OS uptime: 0 days 0:05 hours
Hyper-V role detected

CPU:total 4 (initial active 4) (4 cores per cpu, 1 threads per core) family 6 model 60 stepping 3 microcode 0x27, cmov, cx8, fxsr, mmx, sse, sse2, sse3, ssse3, sse4.1, sse4.2, popcnt, avx, avx2, aes, clmul, erms, lzcnt, tsc, tscinvbit, bmi1, bmi2, fma

Memory: 4k page, system-wide physical 8097M (803M free)
TotalPageFile size 11378M (AvailPageFile size 8M)
current process WorkingSet (physical memory assigned to process): 85M, peak: 90M
current process commit charge ("private bytes"): 152M, peak: 158M

vm_info: OpenJDK 64-Bit Server VM (11.0.20+8-LTS) for windows-amd64 JRE (11.0.20+8-LTS), built on Jul  7 2023 17:05:21 by "MicrosoftCorporation" with MS VC++ 15.9 (VS2017)

END.
