#
# There is insufficient memory for the Java Runtime Environment to continue.
# Native memory allocation (mmap) failed to map 67108864 bytes for Failed to commit area from 0x00000000fc000000 to 0x0000000100000000 of length 67108864.
# Possible reasons:
#   The system is out of physical RAM or swap space
#   The process is running with CompressedOops enabled, and the Java Heap may be blocking the growth of the native heap
# Possible solutions:
#   Reduce memory load on the system
#   Increase physical memory or swap space
#   Check if swap backing store is full
#   Decrease Java heap size (-Xmx/-Xms)
#   Decrease number of Java threads
#   Decrease Java thread stack sizes (-Xss)
#   Set larger code cache with -XX:ReservedCodeCacheSize=
# This output file may be truncated or incomplete.
#
#  Out of Memory Error (os_windows.cpp:3386), pid=14984, tid=16164
#
# JRE version:  (11.0.20+8) (build )
# Java VM: OpenJDK 64-Bit Server VM (11.0.20+8-LTS, mixed mode, sharing, tiered, compressed oops, g1 gc, windows-amd64)
# No core dump will be written. Minidumps are not enabled by default on client versions of Windows
#

---------------  S U M M A R Y ------------

Command Line: -Xmx64m -Xms64m -Dorg.gradle.appname=gradlew org.gradle.wrapper.GradleWrapperMain tasks

Host: Intel(R) Core(TM) i5-4570 CPU @ 3.20GHz, 4 cores, 7G,  Windows 10 , 64 bit Build 19041 (10.0.19041.3393)
Time: Sat Sep 23 06:49:05 2023 Pacific Daylight Time elapsed time: 0.019417 seconds (0d 0h 0m 0s)

---------------  T H R E A D  ---------------

Current thread (0x000001c76f002800):  JavaThread "Unknown thread" [_thread_in_vm, id=16164, stack(0x000000615bf00000,0x000000615c000000)]

Stack: [0x000000615bf00000,0x000000615c000000]
Native frames: (J=compiled Java code, j=interpreted, Vv=VM code, C=native code)
V  [jvm.dll+0x62e9da]
V  [jvm.dll+0x7bc4e9]
V  [jvm.dll+0x7bdbd8]
V  [jvm.dll+0x7be2b3]
V  [jvm.dll+0x2505a8]
V  [jvm.dll+0x62bcea]
V  [jvm.dll+0x6202a5]
V  [jvm.dll+0x30decc]
V  [jvm.dll+0x30dd52]
V  [jvm.dll+0x312a66]
V  [jvm.dll+0x358b0f]
V  [jvm.dll+0x358540]
V  [jvm.dll+0x2eae38]
V  [jvm.dll+0x2ebf96]
V  [jvm.dll+0x7962f7]
V  [jvm.dll+0x797a7f]
V  [jvm.dll+0x365879]
V  [jvm.dll+0x779130]
V  [jvm.dll+0x3d4c1f]
V  [jvm.dll+0x3d6fb1]
C  [jli.dll+0x5227]
C  [ucrtbase.dll+0x21bb2]
C  [KERNEL32.DLL+0x17344]
C  [ntdll.dll+0x526b1]


---------------  P R O C E S S  ---------------

Threads class SMR info:
_java_thread_list=0x000001c76ef045f0, length=0, elements={
}

Java Threads: ( => current thread )

Other Threads:
  0x000001c76f018800 GCTaskThread "GC Thread#0" [stack: 0x000000615c000000,0x000000615c100000] [id=6500]
  0x000001c76f021000 ConcurrentGCThread "G1 Main Marker" [stack: 0x000000615c100000,0x000000615c200000] [id=17012]
  0x000001c76f022800 ConcurrentGCThread "G1 Conc#0" [stack: 0x000000615c200000,0x000000615c300000] [id=8240]

[error occurred during error reporting (printing all threads), id 0xc0000005, EXCEPTION_ACCESS_VIOLATION (0xc0000005) at pc=0x00007ffad187a677]

VM state:not at safepoint (not fully initialized)

VM Mutex/Monitor currently owned by a thread:  ([mutex/lock_event])
[0x000001c76efff1f0] Heap_lock - owner thread: 0x000001c76f002800

Heap address: 0x00000000fc000000, size: 64 MB, Compressed Oops mode: Non-zero based: 0x00000000fc000000
Narrow klass base: 0x0000000000000000, Narrow klass shift: 0

GC Heap History (0 events):
No events

Deoptimization events (0 events):
No events

Classes redefined (0 events):
No events

Internal exceptions (0 events):
No events

Events (1 events):
Event: 0.008 Loaded shared library C:\Program Files\Microsoft\jdk-11.0.20.8-hotspot\bin\zip.dll


Dynamic libraries:
0x00007ff712630000 - 0x00007ff71263d000 	C:\Program Files\Microsoft\jdk-11.0.20.8-hotspot\bin\java.exe
0x00007ffb18cd0000 - 0x00007ffb18ec8000 	C:\Windows\SYSTEM32\ntdll.dll
0x00007ffb17c90000 - 0x00007ffb17d4d000 	C:\Windows\System32\KERNEL32.DLL
0x00007ffb16770000 - 0x00007ffb16a66000 	C:\Windows\System32\KERNELBASE.dll
0x00007ffb163b0000 - 0x00007ffb164b0000 	C:\Windows\System32\ucrtbase.dll
0x00007ffb0e200000 - 0x00007ffb0e217000 	C:\Program Files\Microsoft\jdk-11.0.20.8-hotspot\bin\jli.dll
0x00007ffb0e220000 - 0x00007ffb0e235000 	C:\Program Files\Microsoft\jdk-11.0.20.8-hotspot\bin\VCRUNTIME140.dll
0x00007ffb188c0000 - 0x00007ffb18a5e000 	C:\Windows\System32\USER32.dll
0x00007ffb165e0000 - 0x00007ffb16602000 	C:\Windows\System32\win32u.dll
0x00007ffb08e40000 - 0x00007ffb090da000 	C:\Windows\WinSxS\amd64_microsoft.windows.common-controls_6595b64144ccf1df_6.0.19041.1110_none_60b5254171f9507e\COMCTL32.dll
0x00007ffb18c60000 - 0x00007ffb18c8c000 	C:\Windows\System32\GDI32.dll
0x00007ffb17dd0000 - 0x00007ffb17e6e000 	C:\Windows\System32\msvcrt.dll
0x00007ffb16ac0000 - 0x00007ffb16bda000 	C:\Windows\System32\gdi32full.dll
0x00007ffb16540000 - 0x00007ffb165dd000 	C:\Windows\System32\msvcp_win.dll
0x00007ffb17b50000 - 0x00007ffb17b80000 	C:\Windows\System32\IMM32.DLL
0x00007ffb00aa0000 - 0x00007ffb00b3b000 	C:\Program Files\Microsoft\jdk-11.0.20.8-hotspot\bin\msvcp140.dll
0x00007ffad1580000 - 0x00007ffad2116000 	C:\Program Files\Microsoft\jdk-11.0.20.8-hotspot\bin\server\jvm.dll
0x00007ffb18020000 - 0x00007ffb180ce000 	C:\Windows\System32\ADVAPI32.dll
0x00007ffb17720000 - 0x00007ffb177bc000 	C:\Windows\System32\sechost.dll
0x00007ffb17090000 - 0x00007ffb171b6000 	C:\Windows\System32\RPCRT4.dll
0x00007ffb18820000 - 0x00007ffb18828000 	C:\Windows\System32\PSAPI.DLL
0x00007ffb085c0000 - 0x00007ffb085ca000 	C:\Windows\SYSTEM32\VERSION.dll
0x00007ffb11e20000 - 0x00007ffb11e29000 	C:\Windows\SYSTEM32\WSOCK32.dll
0x00007ffb081d0000 - 0x00007ffb081f7000 	C:\Windows\SYSTEM32\WINMM.dll
0x00007ffb17fa0000 - 0x00007ffb1800b000 	C:\Windows\System32\WS2_32.dll
0x00007ffb14220000 - 0x00007ffb14232000 	C:\Windows\SYSTEM32\kernel.appcore.dll
0x00007ffb11c40000 - 0x00007ffb11c50000 	C:\Program Files\Microsoft\jdk-11.0.20.8-hotspot\bin\verify.dll
0x00007ffb08250000 - 0x00007ffb08434000 	C:\Windows\SYSTEM32\DBGHELP.DLL
0x00007ffb07a70000 - 0x00007ffb07aa4000 	C:\Windows\SYSTEM32\dbgcore.DLL
0x00007ffb164b0000 - 0x00007ffb16532000 	C:\Windows\System32\bcryptPrimitives.dll
0x00007ffb07870000 - 0x00007ffb07898000 	C:\Program Files\Microsoft\jdk-11.0.20.8-hotspot\bin\java.dll
0x00007ffb08ba0000 - 0x00007ffb08baa000 	C:\Program Files\Microsoft\jdk-11.0.20.8-hotspot\bin\jimage.dll
0x00007ffb07950000 - 0x00007ffb07968000 	C:\Program Files\Microsoft\jdk-11.0.20.8-hotspot\bin\zip.dll

dbghelp: loaded successfully - version: 4.0.5 - missing functions: none
symbol engine: initialized successfully - sym options: 0x614 - pdb path: .;C:\Program Files\Microsoft\jdk-11.0.20.8-hotspot\bin;C:\Windows\SYSTEM32;C:\Windows\WinSxS\amd64_microsoft.windows.common-controls_6595b64144ccf1df_6.0.19041.1110_none_60b5254171f9507e;C:\Program Files\Microsoft\jdk-11.0.20.8-hotspot\bin\server

VM Arguments:
jvm_args: -Xmx64m -Xms64m -Dorg.gradle.appname=gradlew 
java_command: org.gradle.wrapper.GradleWrapperMain tasks
java_class_path (initial): C:\Users\Zubair\Desktop\Expo\project\android\\gradle\wrapper\gradle-wrapper.jar
Launcher Type: SUN_STANDARD

[Global flags]
     intx CICompilerCount                          = 3                                         {product} {ergonomic}
     uint ConcGCThreads                            = 1                                         {product} {ergonomic}
     uint G1ConcRefinementThreads                  = 4                                         {product} {ergonomic}
   size_t G1HeapRegionSize                         = 1048576                                   {product} {ergonomic}
    uintx GCDrainStackTargetSize                   = 64                                        {product} {ergonomic}
   size_t InitialHeapSize                          = 67108864                                  {product} {command line}
   size_t MarkStackSize                            = 4194304                                   {product} {ergonomic}
   size_t MaxHeapSize                              = 67108864                                  {product} {command line}
   size_t MinHeapDeltaBytes                        = 1048576                                   {product} {ergonomic}
    uintx NonNMethodCodeHeapSize                   = 5830732                                {pd product} {ergonomic}
    uintx NonProfiledCodeHeapSize                  = 122913754                              {pd product} {ergonomic}
    uintx ProfiledCodeHeapSize                     = 122913754                              {pd product} {ergonomic}
    uintx ReservedCodeCacheSize                    = 251658240                              {pd product} {ergonomic}
     bool SegmentedCodeCache                       = true                                      {product} {ergonomic}
     bool UseCompressedClassPointers               = true                                 {lp64_product} {ergonomic}
     bool UseCompressedOops                        = true                                 {lp64_product} {ergonomic}
     bool UseG1GC                                  = true                                      {product} {ergonomic}
     bool UseLargePagesIndividualAllocation        = false                                  {pd product} {ergonomic}

Logging:
Log output configuration:
 #0: stdout all=warning uptime,level,tags
 #1: stderr all=off uptime,level,tags

Environment Variables:
JAVA_HOME=C:\Program Files\Microsoft\jdk-11.0.20.8-hotspot\
CLASSPATH=C:\Users\Zubair\Desktop\Expo\project\android\\gradle\wrapper\gradle-wrapper.jar
PATH=C:\Users\Zubair\Desktop\Expo\project\node_modules\.bin;C:\Users\Zubair\Desktop\Expo\project\node_modules\.bin;C:\Users\Zubair\Desktop\Expo\node_modules\.bin;C:\Users\Zubair\Desktop\node_modules\.bin;C:\Users\Zubair\node_modules\.bin;C:\Users\node_modules\.bin;C:\node_modules\.bin;C:\Program Files\nodejs\node_modules\npm\node_modules\@npmcli\run-script\lib\node-gyp-bin;C:\Users\Zubair\Desktop\Expo\project\node_modules\.bin;C:\Users\Zubair\Desktop\Expo\node_modules\.bin;C:\Users\Zubair\Desktop\node_modules\.bin;C:\Users\Zubair\node_modules\.bin;C:\Users\node_modules\.bin;C:\node_modules\.bin;C:\Program Files\nodejs\node_modules\npm\node_modules\@npmcli\run-script\lib\node-gyp-bin;C:\Program Files\Microsoft\jdk-11.0.20.8-hotspot\bin;C:\Program Files\Eclipse Adoptium\jdk-11.0.20.8-hotspot\bin;C:\Python27\;C:\Python27\Scripts;C:\Python311\Scripts\;C:\Python311\;C:\Windows\system32;C:\Windows;C:\Windows\System32\Wbem;C:\Windows\System32\WindowsPowerShell\v1.0\;C:\Windows\System32\OpenSSH\;C:\Program Files\Microsoft VS Code\bin;C:\ProgramData\chocolatey\bin;C:\Program Files\GitHub CLI\;C:\Program Files\nodejs\;C:\Program Files\gradle-8.3\bin;C:\Program Files\Microsoft\jdk-11.0.20.8-hotspot;C:\Program Files\Git\cmd;C:\Program Files\Git;C:\Users\Zubair\AppData\Local\Android\Sdk\tools;C:\Users\Zubair\AppData\Local\Microsoft\WindowsApps;C:\Users\Zubair\AppData\Roaming\npm;C:\Users\Zubair\AppData\Local\Android\Sdk;C:\Users\Zubair\AppData\Local\Android\Sdk\build-tools;C:\Users\Zubair\AppData\Local\Android\Sdk\emulator;C:\Users\Zubair\AppData\Local\Android\Sdk\platform-tools;
USERNAME=Zubair
OS=Windows_NT
PROCESSOR_IDENTIFIER=Intel64 Family 6 Model 60 Stepping 3, GenuineIntel
TMP=C:\Users\Zubair\AppData\Local\Temp
TEMP=C:\Users\Zubair\AppData\Local\Temp



---------------  S Y S T E M  ---------------

OS: Windows 10 , 64 bit Build 19041 (10.0.19041.3393)
OS uptime: 0 days 23:45 hours
Hyper-V role detected

CPU:total 4 (initial active 4) (4 cores per cpu, 1 threads per core) family 6 model 60 stepping 3 microcode 0x27, cmov, cx8, fxsr, mmx, sse, sse2, sse3, ssse3, sse4.1, sse4.2, popcnt, avx, avx2, aes, clmul, erms, lzcnt, tsc, tscinvbit, bmi1, bmi2, fma

Memory: 4k page, system-wide physical 8097M (665M free)
TotalPageFile size 13420M (AvailPageFile size 54M)
current process WorkingSet (physical memory assigned to process): 9M, peak: 9M
current process commit charge ("private bytes"): 51M, peak: 115M

vm_info: OpenJDK 64-Bit Server VM (11.0.20+8-LTS) for windows-amd64 JRE (11.0.20+8-LTS), built on Jul  7 2023 17:05:21 by "MicrosoftCorporation" with MS VC++ 15.9 (VS2017)

END.
