#
# There is insufficient memory for the Java Runtime Environment to continue.
# Native memory allocation (mmap) failed to map 67108864 bytes for Failed to commit area from 0x00000000fc000000 to 0x0000000100000000 of length 67108864.
# Possible reasons:
#   The system is out of physical RAM or swap space
#   The process is running with CompressedOops enabled, and the Java Heap may be blocking the growth of the native heap
# Possible solutions:
#   Reduce memory load on the system
#   Increase physical memory or swap space
#   Check if swap backing store is full
#   Decrease Java heap size (-Xmx/-Xms)
#   Decrease number of Java threads
#   Decrease Java thread stack sizes (-Xss)
#   Set larger code cache with -XX:ReservedCodeCacheSize=
# This output file may be truncated or incomplete.
#
#  Out of Memory Error (os_windows.cpp:3386), pid=13732, tid=4092
#
# JRE version:  (11.0.20+8) (build )
# Java VM: OpenJDK 64-Bit Server VM (11.0.20+8-LTS, mixed mode, sharing, tiered, compressed oops, g1 gc, windows-amd64)
# No core dump will be written. Minidumps are not enabled by default on client versions of Windows
#

---------------  S U M M A R Y ------------

Command Line: -Xmx64m -Xms64m -Dorg.gradle.appname=gradlew org.gradle.wrapper.GradleWrapperMain tasks

Host: Intel(R) Core(TM) i5-4570 CPU @ 3.20GHz, 4 cores, 7G,  Windows 10 , 64 bit Build 19041 (10.0.19041.3393)
Time: Wed Sep 20 17:20:03 2023 Pacific Daylight Time elapsed time: 0.104084 seconds (0d 0h 0m 0s)

---------------  T H R E A D  ---------------

Current thread (0x00000213982ff800):  JavaThread "Unknown thread" [_thread_in_vm, id=4092, stack(0x0000007a96800000,0x0000007a96900000)]

Stack: [0x0000007a96800000,0x0000007a96900000]
Native frames: (J=compiled Java code, j=interpreted, Vv=VM code, C=native code)
V  [jvm.dll+0x62e9da]
V  [jvm.dll+0x7bc4e9]
V  [jvm.dll+0x7bdbd8]
V  [jvm.dll+0x7be2b3]
V  [jvm.dll+0x2505a8]
V  [jvm.dll+0x62bcea]
V  [jvm.dll+0x6202a5]
V  [jvm.dll+0x30decc]
V  [jvm.dll+0x30dd52]
V  [jvm.dll+0x312a66]
V  [jvm.dll+0x358b0f]
V  [jvm.dll+0x358540]
V  [jvm.dll+0x2eae38]
V  [jvm.dll+0x2ebf96]
V  [jvm.dll+0x7962f7]
V  [jvm.dll+0x797a7f]
V  [jvm.dll+0x365879]
V  [jvm.dll+0x779130]
V  [jvm.dll+0x3d4c1f]
V  [jvm.dll+0x3d6fb1]
C  [jli.dll+0x5227]
C  [ucrtbase.dll+0x21bb2]
C  [KERNEL32.DLL+0x17344]
C  [ntdll.dll+0x526b1]


---------------  P R O C E S S  ---------------

Threads class SMR info:
_java_thread_list=0x00000213961926e0, length=0, elements={
}

Java Threads: ( => current thread )

Other Threads:
  0x0000021398317000 GCTaskThread "GC Thread#0" [stack: 0x0000007a96a00000,0x0000007a96b00000] [id=15892]
  0x000002139831d000 ConcurrentGCThread "G1 Main Marker" [stack: 0x0000007a96b00000,0x0000007a96c00000] [id=15640]
  0x000002139831f800 ConcurrentGCThread "G1 Conc#0" [stack: 0x0000007a96c00000,0x0000007a96d00000] [id=15916]

[error occurred during error reporting (printing all threads), id 0xc0000005, EXCEPTION_ACCESS_VIOLATION (0xc0000005) at pc=0x00007fff28e8a677]

VM state:not at safepoint (not fully initialized)

VM Mutex/Monitor currently owned by a thread:  ([mutex/lock_event])
[0x00000213982fa4d0] Heap_lock - owner thread: 0x00000213982ff800

Heap address: 0x00000000fc000000, size: 64 MB, Compressed Oops mode: Non-zero based: 0x00000000fc000000
Narrow klass base: 0x0000000000000000, Narrow klass shift: 0

GC Heap History (0 events):
No events

Deoptimization events (0 events):
No events

Classes redefined (0 events):
No events

Internal exceptions (0 events):
No events

Events (1 events):
Event: 0.008 Loaded shared library C:\Program Files\Microsoft\jdk-11.0.20.8-hotspot\bin\zip.dll


Dynamic libraries:
0x00007ff75dfa0000 - 0x00007ff75dfad000 	C:\Program Files\Microsoft\jdk-11.0.20.8-hotspot\bin\java.exe
0x00007fff7ba90000 - 0x00007fff7bc88000 	C:\Windows\SYSTEM32\ntdll.dll
0x00007fff7b990000 - 0x00007fff7ba4d000 	C:\Windows\System32\KERNEL32.DLL
0x00007fff79300000 - 0x00007fff795f6000 	C:\Windows\System32\KERNELBASE.dll
0x00007fff79860000 - 0x00007fff79960000 	C:\Windows\System32\ucrtbase.dll
0x00007fff6cbf0000 - 0x00007fff6cc07000 	C:\Program Files\Microsoft\jdk-11.0.20.8-hotspot\bin\jli.dll
0x00007fff7b7f0000 - 0x00007fff7b98e000 	C:\Windows\System32\USER32.dll
0x00007fff79960000 - 0x00007fff79982000 	C:\Windows\System32\win32u.dll
0x00007fff7b020000 - 0x00007fff7b04c000 	C:\Windows\System32\GDI32.dll
0x00007fff79600000 - 0x00007fff7971a000 	C:\Windows\System32\gdi32full.dll
0x00007fff79a00000 - 0x00007fff79a9d000 	C:\Windows\System32\msvcp_win.dll
0x00007fff6cc10000 - 0x00007fff6cc25000 	C:\Program Files\Microsoft\jdk-11.0.20.8-hotspot\bin\VCRUNTIME140.dll
0x00007fff6a660000 - 0x00007fff6a8fa000 	C:\Windows\WinSxS\amd64_microsoft.windows.common-controls_6595b64144ccf1df_6.0.19041.1110_none_60b5254171f9507e\COMCTL32.dll
0x00007fff7b160000 - 0x00007fff7b1fe000 	C:\Windows\System32\msvcrt.dll
0x00007fff79df0000 - 0x00007fff79e20000 	C:\Windows\System32\IMM32.DLL
0x00007fff6c580000 - 0x00007fff6c61b000 	C:\Program Files\Microsoft\jdk-11.0.20.8-hotspot\bin\msvcp140.dll
0x00007fff28b90000 - 0x00007fff29726000 	C:\Program Files\Microsoft\jdk-11.0.20.8-hotspot\bin\server\jvm.dll
0x00007fff7b0b0000 - 0x00007fff7b15e000 	C:\Windows\System32\ADVAPI32.dll
0x00007fff7b280000 - 0x00007fff7b31c000 	C:\Windows\System32\sechost.dll
0x00007fff79be0000 - 0x00007fff79d06000 	C:\Windows\System32\RPCRT4.dll
0x00007fff79e20000 - 0x00007fff79e28000 	C:\Windows\System32\PSAPI.DLL
0x00007fff6cbe0000 - 0x00007fff6cbe9000 	C:\Windows\SYSTEM32\WSOCK32.dll
0x00007fff7a6b0000 - 0x00007fff7a71b000 	C:\Windows\System32\WS2_32.dll
0x00007fff6a070000 - 0x00007fff6a097000 	C:\Windows\SYSTEM32\WINMM.dll
0x00007fff76f70000 - 0x00007fff76f7a000 	C:\Windows\SYSTEM32\VERSION.dll
0x00007fff77970000 - 0x00007fff77982000 	C:\Windows\SYSTEM32\kernel.appcore.dll
0x00007fff6c9c0000 - 0x00007fff6c9d0000 	C:\Program Files\Microsoft\jdk-11.0.20.8-hotspot\bin\verify.dll
0x00007fff6a0f0000 - 0x00007fff6a2d4000 	C:\Windows\SYSTEM32\DBGHELP.DLL
0x00007fff6a020000 - 0x00007fff6a054000 	C:\Windows\SYSTEM32\dbgcore.DLL
0x00007fff797d0000 - 0x00007fff79852000 	C:\Windows\System32\bcryptPrimitives.dll
0x00007fff6c190000 - 0x00007fff6c1b8000 	C:\Program Files\Microsoft\jdk-11.0.20.8-hotspot\bin\java.dll
0x00007fff6c9b0000 - 0x00007fff6c9ba000 	C:\Program Files\Microsoft\jdk-11.0.20.8-hotspot\bin\jimage.dll
0x00007fff6b9c0000 - 0x00007fff6b9d8000 	C:\Program Files\Microsoft\jdk-11.0.20.8-hotspot\bin\zip.dll

dbghelp: loaded successfully - version: 4.0.5 - missing functions: none
symbol engine: initialized successfully - sym options: 0x614 - pdb path: .;C:\Program Files\Microsoft\jdk-11.0.20.8-hotspot\bin;C:\Windows\SYSTEM32;C:\Windows\WinSxS\amd64_microsoft.windows.common-controls_6595b64144ccf1df_6.0.19041.1110_none_60b5254171f9507e;C:\Program Files\Microsoft\jdk-11.0.20.8-hotspot\bin\server

VM Arguments:
jvm_args: -Xmx64m -Xms64m -Dorg.gradle.appname=gradlew 
java_command: org.gradle.wrapper.GradleWrapperMain tasks
java_class_path (initial): C:\Users\Zubair\Desktop\Expo\project\android\\gradle\wrapper\gradle-wrapper.jar
Launcher Type: SUN_STANDARD

[Global flags]
     intx CICompilerCount                          = 3                                         {product} {ergonomic}
     uint ConcGCThreads                            = 1                                         {product} {ergonomic}
     uint G1ConcRefinementThreads                  = 4                                         {product} {ergonomic}
   size_t G1HeapRegionSize                         = 1048576                                   {product} {ergonomic}
    uintx GCDrainStackTargetSize                   = 64                                        {product} {ergonomic}
   size_t InitialHeapSize                          = 67108864                                  {product} {command line}
   size_t MarkStackSize                            = 4194304                                   {product} {ergonomic}
   size_t MaxHeapSize                              = 67108864                                  {product} {command line}
   size_t MinHeapDeltaBytes                        = 1048576                                   {product} {ergonomic}
    uintx NonNMethodCodeHeapSize                   = 5830732                                {pd product} {ergonomic}
    uintx NonProfiledCodeHeapSize                  = 122913754                              {pd product} {ergonomic}
    uintx ProfiledCodeHeapSize                     = 122913754                              {pd product} {ergonomic}
    uintx ReservedCodeCacheSize                    = 251658240                              {pd product} {ergonomic}
     bool SegmentedCodeCache                       = true                                      {product} {ergonomic}
     bool UseCompressedClassPointers               = true                                 {lp64_product} {ergonomic}
     bool UseCompressedOops                        = true                                 {lp64_product} {ergonomic}
     bool UseG1GC                                  = true                                      {product} {ergonomic}
     bool UseLargePagesIndividualAllocation        = false                                  {pd product} {ergonomic}

Logging:
Log output configuration:
 #0: stdout all=warning uptime,level,tags
 #1: stderr all=off uptime,level,tags

Environment Variables:
JAVA_HOME=C:\Program Files\Microsoft\jdk-11.0.20.8-hotspot\
CLASSPATH=C:\Users\Zubair\Desktop\Expo\project\android\\gradle\wrapper\gradle-wrapper.jar
PATH=C:\Users\Zubair\Desktop\Expo\project\node_modules\.bin;C:\Users\Zubair\Desktop\Expo\project\node_modules\.bin;C:\Users\Zubair\Desktop\Expo\node_modules\.bin;C:\Users\Zubair\Desktop\node_modules\.bin;C:\Users\Zubair\node_modules\.bin;C:\Users\node_modules\.bin;C:\node_modules\.bin;C:\Program Files\nodejs\node_modules\npm\node_modules\@npmcli\run-script\lib\node-gyp-bin;C:\Users\Zubair\Desktop\Expo\project\node_modules\.bin;C:\Users\Zubair\Desktop\Expo\node_modules\.bin;C:\Users\Zubair\Desktop\node_modules\.bin;C:\Users\Zubair\node_modules\.bin;C:\Users\node_modules\.bin;C:\node_modules\.bin;C:\Program Files\nodejs\node_modules\npm\node_modules\@npmcli\run-script\lib\node-gyp-bin;C:\Program Files\Microsoft\jdk-11.0.20.8-hotspot\bin;C:\Program Files\Eclipse Adoptium\jdk-11.0.20.8-hotspot\bin;C:\Python27\;C:\Python27\Scripts;C:\Python311\Scripts\;C:\Python311\;C:\Windows\system32;C:\Windows;C:\Windows\System32\Wbem;C:\Windows\System32\WindowsPowerShell\v1.0\;C:\Windows\System32\OpenSSH\;C:\Program Files\Microsoft VS Code\bin;C:\ProgramData\chocolatey\bin;C:\Program Files\GitHub CLI\;C:\Program Files\nodejs\;C:\Program Files\gradle-8.3\bin;C:\Program Files\Microsoft\jdk-11.0.20.8-hotspot;C:\Users\Zubair\AppData\Local\Android\Sdk\tools;C:\Users\Zubair\AppData\Local\Microsoft\WindowsApps;C:\Users\Zubair\AppData\Roaming\npm;C:\Users\Zubair\AppData\Local\Android\Sdk;C:\Users\Zubair\AppData\Local\Android\Sdk\build-tools;C:\Users\Zubair\AppData\Local\Android\Sdk\emulator;C:\Users\Zubair\AppData\Local\Android\Sdk\platform-tools;
USERNAME=Zubair
OS=Windows_NT
PROCESSOR_IDENTIFIER=Intel64 Family 6 Model 60 Stepping 3, GenuineIntel
TMP=C:\Users\Zubair\AppData\Local\Temp
TEMP=C:\Users\Zubair\AppData\Local\Temp



---------------  S Y S T E M  ---------------

OS: Windows 10 , 64 bit Build 19041 (10.0.19041.3393)
OS uptime: 0 days 0:05 hours
Hyper-V role detected

CPU:total 4 (initial active 4) (4 cores per cpu, 1 threads per core) family 6 model 60 stepping 3 microcode 0x27, cmov, cx8, fxsr, mmx, sse, sse2, sse3, ssse3, sse4.1, sse4.2, popcnt, avx, avx2, aes, clmul, erms, lzcnt, tsc, tscinvbit, bmi1, bmi2, fma

Memory: 4k page, system-wide physical 8097M (664M free)
TotalPageFile size 11378M (AvailPageFile size 48M)
current process WorkingSet (physical memory assigned to process): 9M, peak: 9M
current process commit charge ("private bytes"): 51M, peak: 115M

vm_info: OpenJDK 64-Bit Server VM (11.0.20+8-LTS) for windows-amd64 JRE (11.0.20+8-LTS), built on Jul  7 2023 17:05:21 by "MicrosoftCorporation" with MS VC++ 15.9 (VS2017)

END.
